2023-11-28 16:00:47,028 INFO     
2023-11-28 16:00:47,028 INFO     ██╗   ██╗██████╗ ██████╗ ████████╗███████╗███╗   ███╗██████╗  ██████╗
2023-11-28 16:00:47,029 INFO     ██║   ██║██╔══██╗██╔══██╗╚══██╔══╝██╔════╝████╗ ████║██╔══██╗██╔═══██╗
2023-11-28 16:00:47,030 INFO     ██║   ██║██████╔╝██████╔╝   ██║   █████╗  ██╔████╔██║██████╔╝██║   ██║
2023-11-28 16:00:47,030 INFO     ╚██╗ ██╔╝██╔═══╝ ██╔══██╗   ██║   ██╔══╝  ██║╚██╔╝██║██╔═══╝ ██║   ██║
2023-11-28 16:00:47,031 INFO      ╚████╔╝ ██║     ██║  ██║   ██║   ███████╗██║ ╚═╝ ██║██║     ╚██████╔╝
2023-11-28 16:00:47,031 INFO       ╚═══╝  ╚═╝     ╚═╝  ╚═╝   ╚═╝   ╚══════╝╚═╝     ╚═╝╚═╝      ╚═════╝ 
2023-11-28 16:00:47,032 INFO     -----------------------------------------------------------------------
2023-11-28 16:00:47,032 INFO     Temporally Encoded Spiking Neural Network for Visual Place Recognition v1.1.0
2023-11-28 16:00:47,033 INFO     Queensland University of Technology, Centre for Robotics
2023-11-28 16:00:47,034 INFO     
2023-11-28 16:00:47,034 INFO     © 2023 Adam D Hines, Peter G Stratton, Michael Milford, Tobias Fischer
2023-11-28 16:00:47,035 INFO     MIT license - https://github.com/QVPR/VPRTempo
2023-11-28 16:00:47,035 INFO     \\\\\\\\\\\\
2023-11-28 16:00:47,036 INFO     
2023-11-28 16:00:47,048 INFO     CUDA available: True
2023-11-28 16:00:47,059 INFO     Current device is: NVIDIA GeForce RTX 2080
2023-11-28 16:00:47,061 INFO     
2023-11-28 16:09:48,212 INFO     
2023-11-28 16:09:48,213 INFO     ██╗   ██╗██████╗ ██████╗ ████████╗███████╗███╗   ███╗██████╗  ██████╗        ██████╗ ██╗   ██╗ █████╗ ███╗   ██╗████████╗
2023-11-28 16:09:48,214 INFO     ██║   ██║██╔══██╗██╔══██╗╚══██╔══╝██╔════╝████╗ ████║██╔══██╗██╔═══██╗      ██╔═══██╗██║   ██║██╔══██╗████╗  ██║╚══██╔══╝
2023-11-28 16:09:48,214 INFO     ██║   ██║██████╔╝██████╔╝   ██║   █████╗  ██╔████╔██║██████╔╝██║   ██║█████╗██║   ██║██║   ██║███████║██╔██╗ ██║   ██║
2023-11-28 16:09:48,216 INFO     ╚██╗ ██╔╝██╔═══╝ ██╔══██╗   ██║   ██╔══╝  ██║╚██╔╝██║██╔═══╝ ██║   ██║╚════╝██║▄▄ ██║██║   ██║██╔══██║██║╚██╗██║   ██║
2023-11-28 16:09:48,216 INFO      ╚████╔╝ ██║     ██║  ██║   ██║   ███████╗██║ ╚═╝ ██║██║     ╚██████╔╝      ╚██████╔╝╚██████╔╝██║  ██║██║ ╚████║   ██║
2023-11-28 16:09:48,217 INFO       ╚═══╝  ╚═╝     ╚═╝  ╚═╝   ╚═╝   ╚══════╝╚═╝     ╚═╝╚═╝      ╚═════╝        ╚══▀▀═╝  ╚═════╝ ╚═╝  ╚═╝╚═╝  ╚═══╝   ╚═╝
2023-11-28 16:09:48,217 INFO     -----------------------------------------------------------------------
2023-11-28 16:09:48,218 INFO     Temporally Encoded Spiking Neural Network for Visual Place Recognition v1.1.0
2023-11-28 16:09:48,218 INFO     Queensland University of Technology, Centre for Robotics
2023-11-28 16:09:48,219 INFO     
2023-11-28 16:09:48,219 INFO     © 2023 Adam D Hines, Peter G Stratton, Michael Milford, Tobias Fischer
2023-11-28 16:09:48,220 INFO     MIT license - https://github.com/QVPR/VPRTempo
2023-11-28 16:09:48,221 INFO     \\\\\\\\\\\\
2023-11-28 16:09:48,221 INFO     
2023-11-28 16:09:48,222 INFO     Quantization enabled
2023-11-28 16:09:48,222 INFO     Current device is: CPU
2023-11-28 16:09:48,223 INFO     
