2023-11-30 11:15:47,414 INFO     
2023-11-30 11:15:47,415 INFO     ██╗   ██╗██████╗ ██████╗ ████████╗███████╗███╗   ███╗██████╗  ██████╗
2023-11-30 11:15:47,415 INFO     ██║   ██║██╔══██╗██╔══██╗╚══██╔══╝██╔════╝████╗ ████║██╔══██╗██╔═══██╗
2023-11-30 11:15:47,415 INFO     ██║   ██║██████╔╝██████╔╝   ██║   █████╗  ██╔████╔██║██████╔╝██║   ██║
2023-11-30 11:15:47,415 INFO     ╚██╗ ██╔╝██╔═══╝ ██╔══██╗   ██║   ██╔══╝  ██║╚██╔╝██║██╔═══╝ ██║   ██║
2023-11-30 11:15:47,415 INFO      ╚████╔╝ ██║     ██║  ██║   ██║   ███████╗██║ ╚═╝ ██║██║     ╚██████╔╝
2023-11-30 11:15:47,415 INFO       ╚═══╝  ╚═╝     ╚═╝  ╚═╝   ╚═╝   ╚══════╝╚═╝     ╚═╝╚═╝      ╚═════╝ 
2023-11-30 11:15:47,415 INFO     -----------------------------------------------------------------------
2023-11-30 11:15:47,415 INFO     Temporally Encoded Spiking Neural Network for Visual Place Recognition v1.1.0
2023-11-30 11:15:47,415 INFO     Queensland University of Technology, Centre for Robotics
2023-11-30 11:15:47,415 INFO     
2023-11-30 11:15:47,415 INFO     © 2023 Adam D Hines, Peter G Stratton, Michael Milford, Tobias Fischer
2023-11-30 11:15:47,415 INFO     MIT license - https://github.com/QVPR/VPRTempo
2023-11-30 11:15:47,415 INFO     \\\\\\\\\\\\
2023-11-30 11:15:47,416 INFO     
2023-11-30 11:15:47,416 INFO     CUDA available: False
2023-11-30 11:15:47,416 INFO     Current device is: CPU
2023-11-30 11:15:47,416 INFO     
2023-11-30 11:15:48,374 INFO     
2023-11-30 11:15:48,374 INFO     ██╗   ██╗██████╗ ██████╗ ████████╗███████╗███╗   ███╗██████╗  ██████╗
2023-11-30 11:15:48,374 INFO     ██║   ██║██╔══██╗██╔══██╗╚══██╔══╝██╔════╝████╗ ████║██╔══██╗██╔═══██╗
2023-11-30 11:15:48,374 INFO     ██║   ██║██████╔╝██████╔╝   ██║   █████╗  ██╔████╔██║██████╔╝██║   ██║
2023-11-30 11:15:48,374 INFO     ╚██╗ ██╔╝██╔═══╝ ██╔══██╗   ██║   ██╔══╝  ██║╚██╔╝██║██╔═══╝ ██║   ██║
2023-11-30 11:15:48,374 INFO      ╚████╔╝ ██║     ██║  ██║   ██║   ███████╗██║ ╚═╝ ██║██║     ╚██████╔╝
2023-11-30 11:15:48,374 INFO       ╚═══╝  ╚═╝     ╚═╝  ╚═╝   ╚═╝   ╚══════╝╚═╝     ╚═╝╚═╝      ╚═════╝ 
2023-11-30 11:15:48,374 INFO     -----------------------------------------------------------------------
2023-11-30 11:15:48,374 INFO     Temporally Encoded Spiking Neural Network for Visual Place Recognition v1.1.0
2023-11-30 11:15:48,374 INFO     Queensland University of Technology, Centre for Robotics
2023-11-30 11:15:48,374 INFO     
2023-11-30 11:15:48,374 INFO     © 2023 Adam D Hines, Peter G Stratton, Michael Milford, Tobias Fischer
2023-11-30 11:15:48,374 INFO     MIT license - https://github.com/QVPR/VPRTempo
2023-11-30 11:15:48,374 INFO     \\\\\\\\\\\\
2023-11-30 11:15:48,374 INFO     
2023-11-30 11:15:48,374 INFO     CUDA available: False
2023-11-30 11:15:48,374 INFO     Current device is: CPU
2023-11-30 11:15:48,374 INFO     
