2023-11-06 09:36:32,960 INFO     
2023-11-06 09:36:32,960 INFO     ██╗   ██╗██████╗ ██████╗ ████████╗███████╗███╗   ███╗██████╗  ██████╗
2023-11-06 09:36:32,960 INFO     ██║   ██║██╔══██╗██╔══██╗╚══██╔══╝██╔════╝████╗ ████║██╔══██╗██╔═══██╗
2023-11-06 09:36:32,961 INFO     ██║   ██║██████╔╝██████╔╝   ██║   █████╗  ██╔████╔██║██████╔╝██║   ██║
2023-11-06 09:36:32,961 INFO     ╚██╗ ██╔╝██╔═══╝ ██╔══██╗   ██║   ██╔══╝  ██║╚██╔╝██║██╔═══╝ ██║   ██║
2023-11-06 09:36:32,961 INFO      ╚████╔╝ ██║     ██║  ██║   ██║   ███████╗██║ ╚═╝ ██║██║     ╚██████╔╝
2023-11-06 09:36:32,961 INFO       ╚═══╝  ╚═╝     ╚═╝  ╚═╝   ╚═╝   ╚══════╝╚═╝     ╚═╝╚═╝      ╚═════╝ 
2023-11-06 09:36:32,961 INFO     -----------------------------------------------------------------------
2023-11-06 09:36:32,961 INFO     Temporally Encoded Spiking Neural Network for Visual Place Recognition v1.1.0
2023-11-06 09:36:32,962 INFO     Queensland University of Technology, Centre for Robotics
2023-11-06 09:36:32,962 INFO     
2023-11-06 09:36:32,962 INFO     © 2023 Adam D Hines, Peter G Stratton, Michael Milford, Tobias Fischer
2023-11-06 09:36:32,962 INFO     MIT license - https://github.com/QVPR/VPRTempo
2023-11-06 09:36:32,962 INFO     \\\\\\\\\\\\
2023-11-06 09:36:32,962 INFO     
2023-11-06 09:36:32,963 INFO     Quantization enabled
2023-11-06 09:36:32,963 INFO     Current device is: CPU
2023-11-06 09:36:32,963 INFO     
2023-11-06 09:36:33,161 INFO     
2023-11-06 09:36:33,161 INFO     ██╗   ██╗██████╗ ██████╗ ████████╗███████╗███╗   ███╗██████╗  ██████╗
2023-11-06 09:36:33,161 INFO     ██║   ██║██╔══██╗██╔══██╗╚══██╔══╝██╔════╝████╗ ████║██╔══██╗██╔═══██╗
2023-11-06 09:36:33,161 INFO     ██║   ██║██████╔╝██████╔╝   ██║   █████╗  ██╔████╔██║██████╔╝██║   ██║
2023-11-06 09:36:33,161 INFO     ╚██╗ ██╔╝██╔═══╝ ██╔══██╗   ██║   ██╔══╝  ██║╚██╔╝██║██╔═══╝ ██║   ██║
2023-11-06 09:36:33,161 INFO      ╚████╔╝ ██║     ██║  ██║   ██║   ███████╗██║ ╚═╝ ██║██║     ╚██████╔╝
2023-11-06 09:36:33,161 INFO       ╚═══╝  ╚═╝     ╚═╝  ╚═╝   ╚═╝   ╚══════╝╚═╝     ╚═╝╚═╝      ╚═════╝ 
2023-11-06 09:36:33,161 INFO     -----------------------------------------------------------------------
2023-11-06 09:36:33,161 INFO     Temporally Encoded Spiking Neural Network for Visual Place Recognition v1.1.0
2023-11-06 09:36:33,161 INFO     Queensland University of Technology, Centre for Robotics
2023-11-06 09:36:33,162 INFO     
2023-11-06 09:36:33,162 INFO     © 2023 Adam D Hines, Peter G Stratton, Michael Milford, Tobias Fischer
2023-11-06 09:36:33,162 INFO     MIT license - https://github.com/QVPR/VPRTempo
2023-11-06 09:36:33,162 INFO     \\\\\\\\\\\\
2023-11-06 09:36:33,162 INFO     
2023-11-06 09:36:33,162 INFO     Quantization enabled
2023-11-06 09:36:33,162 INFO     Current device is: CPU
2023-11-06 09:36:33,162 INFO     
2023-11-06 09:36:36,001 INFO     P@100R: 89.0%
