2023-11-06 12:58:06,715 INFO     
2023-11-06 12:58:06,715 INFO     ██╗   ██╗██████╗ ██████╗ ████████╗███████╗███╗   ███╗██████╗  ██████╗
2023-11-06 12:58:06,715 INFO     ██║   ██║██╔══██╗██╔══██╗╚══██╔══╝██╔════╝████╗ ████║██╔══██╗██╔═══██╗
2023-11-06 12:58:06,715 INFO     ██║   ██║██████╔╝██████╔╝   ██║   █████╗  ██╔████╔██║██████╔╝██║   ██║
2023-11-06 12:58:06,715 INFO     ╚██╗ ██╔╝██╔═══╝ ██╔══██╗   ██║   ██╔══╝  ██║╚██╔╝██║██╔═══╝ ██║   ██║
2023-11-06 12:58:06,715 INFO      ╚████╔╝ ██║     ██║  ██║   ██║   ███████╗██║ ╚═╝ ██║██║     ╚██████╔╝
2023-11-06 12:58:06,715 INFO       ╚═══╝  ╚═╝     ╚═╝  ╚═╝   ╚═╝   ╚══════╝╚═╝     ╚═╝╚═╝      ╚═════╝ 
2023-11-06 12:58:06,715 INFO     -----------------------------------------------------------------------
2023-11-06 12:58:06,715 INFO     Temporally Encoded Spiking Neural Network for Visual Place Recognition v1.1.0
2023-11-06 12:58:06,715 INFO     Queensland University of Technology, Centre for Robotics
2023-11-06 12:58:06,715 INFO     
2023-11-06 12:58:06,715 INFO     © 2023 Adam D Hines, Peter G Stratton, Michael Milford, Tobias Fischer
2023-11-06 12:58:06,716 INFO     MIT license - https://github.com/QVPR/VPRTempo
2023-11-06 12:58:06,716 INFO     \\\\\\\\\\\\
2023-11-06 12:58:06,716 INFO     
2023-11-06 12:58:06,716 INFO     CUDA available: True
2023-11-06 12:58:06,716 INFO     Current device is: NVIDIA GeForce RTX 2080
2023-11-06 12:58:06,716 INFO     
2023-11-06 12:58:09,132 INFO     +--------+-----+------+------+------+------+------+
|   N    |  1  |  5   |  10  |  15  |  20  |  25  |
+--------+-----+------+------+------+------+------+
| Recall | 0.8 | 0.92 | 0.93 | 0.94 | 0.94 | 0.94 |
+--------+-----+------+------+------+------+------+
