2023-11-06 12:56:20,888 INFO     
2023-11-06 12:56:20,888 INFO     ██╗   ██╗██████╗ ██████╗ ████████╗███████╗███╗   ███╗██████╗  ██████╗
2023-11-06 12:56:20,888 INFO     ██║   ██║██╔══██╗██╔══██╗╚══██╔══╝██╔════╝████╗ ████║██╔══██╗██╔═══██╗
2023-11-06 12:56:20,888 INFO     ██║   ██║██████╔╝██████╔╝   ██║   █████╗  ██╔████╔██║██████╔╝██║   ██║
2023-11-06 12:56:20,888 INFO     ╚██╗ ██╔╝██╔═══╝ ██╔══██╗   ██║   ██╔══╝  ██║╚██╔╝██║██╔═══╝ ██║   ██║
2023-11-06 12:56:20,888 INFO      ╚████╔╝ ██║     ██║  ██║   ██║   ███████╗██║ ╚═╝ ██║██║     ╚██████╔╝
2023-11-06 12:56:20,888 INFO       ╚═══╝  ╚═╝     ╚═╝  ╚═╝   ╚═╝   ╚══════╝╚═╝     ╚═╝╚═╝      ╚═════╝ 
2023-11-06 12:56:20,888 INFO     -----------------------------------------------------------------------
2023-11-06 12:56:20,888 INFO     Temporally Encoded Spiking Neural Network for Visual Place Recognition v1.1.0
2023-11-06 12:56:20,888 INFO     Queensland University of Technology, Centre for Robotics
2023-11-06 12:56:20,888 INFO     
2023-11-06 12:56:20,888 INFO     © 2023 Adam D Hines, Peter G Stratton, Michael Milford, Tobias Fischer
2023-11-06 12:56:20,888 INFO     MIT license - https://github.com/QVPR/VPRTempo
2023-11-06 12:56:20,888 INFO     \\\\\\\\\\\\
2023-11-06 12:56:20,888 INFO     
2023-11-06 12:56:20,888 INFO     CUDA available: True
2023-11-06 12:56:20,888 INFO     Current device is: NVIDIA GeForce RTX 2080
2023-11-06 12:56:20,888 INFO     
2023-11-06 12:56:36,764 INFO     +--------+-----+-----+-----+-----+-----+-----+
|   N    |  1  |  5  |  10 |  15 |  20 |  25 |
+--------+-----+-----+-----+-----+-----+-----+
| Recall | 1.0 | 1.0 | 1.0 | 1.0 | 1.0 | 1.0 |
+--------+-----+-----+-----+-----+-----+-----+
