2023-10-17 22:23:47,397 INFO     
2023-10-17 22:23:47,398 INFO     ██╗   ██╗██████╗ ██████╗ ████████╗███████╗███╗   ███╗██████╗  ██████╗
2023-10-17 22:23:47,398 INFO     ██║   ██║██╔══██╗██╔══██╗╚══██╔══╝██╔════╝████╗ ████║██╔══██╗██╔═══██╗
2023-10-17 22:23:47,398 INFO     ██║   ██║██████╔╝██████╔╝   ██║   █████╗  ██╔████╔██║██████╔╝██║   ██║
2023-10-17 22:23:47,399 INFO     ╚██╗ ██╔╝██╔═══╝ ██╔══██╗   ██║   ██╔══╝  ██║╚██╔╝██║██╔═══╝ ██║   ██║
2023-10-17 22:23:47,399 INFO      ╚████╔╝ ██║     ██║  ██║   ██║   ███████╗██║ ╚═╝ ██║██║     ╚██████╔╝
2023-10-17 22:23:47,399 INFO       ╚═══╝  ╚═╝     ╚═╝  ╚═╝   ╚═╝   ╚══════╝╚═╝     ╚═╝╚═╝      ╚═════╝ 
2023-10-17 22:23:47,400 INFO     -----------------------------------------------------------------------
2023-10-17 22:23:47,400 INFO     Temporally Encoded Spiking Neural Network for Visual Place Recognition v1.1.0
2023-10-17 22:23:47,400 INFO     Queensland University of Technology, Centre for Robotics
2023-10-17 22:23:47,401 INFO     
2023-10-17 22:23:47,401 INFO     © 2023 Adam D Hines, Peter G Stratton, Michael Milford, Tobias Fischer
2023-10-17 22:23:47,401 INFO     MIT license - https://github.com/QVPR/VPRTempo
2023-10-17 22:23:47,401 INFO     \\\\\\\\\\\\
2023-10-17 22:23:47,401 INFO     
2023-10-17 22:23:47,402 INFO     CUDA available: False
2023-10-17 22:23:47,402 INFO     Current device is: CPU
2023-10-17 22:23:47,402 INFO     
2023-10-17 22:24:08,092 INFO     
2023-10-17 22:24:08,093 INFO     ██╗   ██╗██████╗ ██████╗ ████████╗███████╗███╗   ███╗██████╗  ██████╗
2023-10-17 22:24:08,093 INFO     ██║   ██║██╔══██╗██╔══██╗╚══██╔══╝██╔════╝████╗ ████║██╔══██╗██╔═══██╗
2023-10-17 22:24:08,093 INFO     ██║   ██║██████╔╝██████╔╝   ██║   █████╗  ██╔████╔██║██████╔╝██║   ██║
2023-10-17 22:24:08,094 INFO     ╚██╗ ██╔╝██╔═══╝ ██╔══██╗   ██║   ██╔══╝  ██║╚██╔╝██║██╔═══╝ ██║   ██║
2023-10-17 22:24:08,094 INFO      ╚████╔╝ ██║     ██║  ██║   ██║   ███████╗██║ ╚═╝ ██║██║     ╚██████╔╝
2023-10-17 22:24:08,094 INFO       ╚═══╝  ╚═╝     ╚═╝  ╚═╝   ╚═╝   ╚══════╝╚═╝     ╚═╝╚═╝      ╚═════╝ 
2023-10-17 22:24:08,094 INFO     -----------------------------------------------------------------------
2023-10-17 22:24:08,095 INFO     Temporally Encoded Spiking Neural Network for Visual Place Recognition v1.1.0
2023-10-17 22:24:08,095 INFO     Queensland University of Technology, Centre for Robotics
2023-10-17 22:24:08,095 INFO     
2023-10-17 22:24:08,095 INFO     © 2023 Adam D Hines, Peter G Stratton, Michael Milford, Tobias Fischer
2023-10-17 22:24:08,096 INFO     MIT license - https://github.com/QVPR/VPRTempo
2023-10-17 22:24:08,096 INFO     \\\\\\\\\\\\
2023-10-17 22:24:08,096 INFO     
2023-10-17 22:24:08,096 INFO     CUDA available: False
2023-10-17 22:24:08,097 INFO     Current device is: CPU
2023-10-17 22:24:08,097 INFO     
2023-10-17 22:25:44,527 INFO     ////////////
2023-10-17 22:25:44,528 INFO     VPRTempo - Temporally Encoded Visual Place Recognition v1.1.0-alpha
2023-10-17 22:25:44,528 INFO     Queensland University of Technology, Centre for Robotics
2023-10-17 22:25:44,528 INFO     
2023-10-17 22:25:44,529 INFO     © 2023 Adam D Hines, Peter G Stratton, Michael Milford, Tobias Fischer
2023-10-17 22:25:44,529 INFO     MIT license - https://github.com/QVPR/VPRTempo
2023-10-17 22:25:44,529 INFO     \\\\\\\\\\\\
2023-10-17 22:25:44,530 INFO     
2023-10-17 22:25:44,530 INFO     CUDA available: False
2023-10-17 22:25:44,531 INFO     Current device is: CPU
2023-10-17 22:25:44,531 INFO     
2023-10-17 22:25:44,532 INFO     ~~ Hyperparameters ~~
2023-10-17 22:25:44,532 INFO     
2023-10-17 22:25:44,532 INFO     Firing threshold max: 0.5
2023-10-17 22:25:44,533 INFO     Initial STDP learning rate: 0.005
2023-10-17 22:25:44,533 INFO     Intrinsic threshold plasticity learning rate: 0.15
2023-10-17 22:25:44,533 INFO     Firing rate range: [0.2, 0.9]
2023-10-17 22:25:44,534 INFO     Excitatory connection probability: 0.1
2023-10-17 22:25:44,534 INFO     Inhibitory connection probability: 0.5
2023-10-17 22:25:44,534 INFO     Constant input: 0.1
2023-10-17 22:25:44,535 INFO     
2023-10-17 22:25:44,535 INFO     ~~ Training and testing conditions ~~
2023-10-17 22:25:44,535 INFO     
2023-10-17 22:25:44,536 INFO     Number of training images: 500
2023-10-17 22:25:44,536 INFO     Number of testing images: 500
2023-10-17 22:25:44,537 INFO     Number of training epochs: 4
2023-10-17 22:25:44,537 INFO     Number of modules: 1
2023-10-17 22:25:44,538 INFO     Dataset used: nordland
2023-10-17 22:25:44,538 INFO     Training locations: ['spring', 'fall']
2023-10-17 22:25:44,539 INFO     Testing location: summer
2023-10-17 22:25:44,539 INFO     
