2023-11-06 16:11:14,884 INFO     
2023-11-06 16:11:14,884 INFO     ██╗   ██╗██████╗ ██████╗ ████████╗███████╗███╗   ███╗██████╗  ██████╗
2023-11-06 16:11:14,884 INFO     ██║   ██║██╔══██╗██╔══██╗╚══██╔══╝██╔════╝████╗ ████║██╔══██╗██╔═══██╗
2023-11-06 16:11:14,884 INFO     ██║   ██║██████╔╝██████╔╝   ██║   █████╗  ██╔████╔██║██████╔╝██║   ██║
2023-11-06 16:11:14,884 INFO     ╚██╗ ██╔╝██╔═══╝ ██╔══██╗   ██║   ██╔══╝  ██║╚██╔╝██║██╔═══╝ ██║   ██║
2023-11-06 16:11:14,884 INFO      ╚████╔╝ ██║     ██║  ██║   ██║   ███████╗██║ ╚═╝ ██║██║     ╚██████╔╝
2023-11-06 16:11:14,884 INFO       ╚═══╝  ╚═╝     ╚═╝  ╚═╝   ╚═╝   ╚══════╝╚═╝     ╚═╝╚═╝      ╚═════╝ 
2023-11-06 16:11:14,885 INFO     -----------------------------------------------------------------------
2023-11-06 16:11:14,885 INFO     Temporally Encoded Spiking Neural Network for Visual Place Recognition v1.1.0
2023-11-06 16:11:14,885 INFO     Queensland University of Technology, Centre for Robotics
2023-11-06 16:11:14,885 INFO     
2023-11-06 16:11:14,885 INFO     © 2023 Adam D Hines, Peter G Stratton, Michael Milford, Tobias Fischer
2023-11-06 16:11:14,885 INFO     MIT license - https://github.com/QVPR/VPRTempo
2023-11-06 16:11:14,885 INFO     \\\\\\\\\\\\
2023-11-06 16:11:14,885 INFO     
2023-11-06 16:11:14,885 INFO     CUDA available: True
2023-11-06 16:11:14,885 INFO     Current device is: NVIDIA GeForce RTX 2080
2023-11-06 16:11:14,885 INFO     
2023-11-06 16:11:16,067 INFO     +--------+------+------+------+------+------+------+
|   N    |  1   |  5   |  10  |  15  |  20  |  25  |
+--------+------+------+------+------+------+------+
| Recall | 0.82 | 0.88 | 0.91 | 0.94 | 0.96 | 0.96 |
+--------+------+------+------+------+------+------+
