2023-11-28 11:39:06,811 INFO     
2023-11-28 11:39:06,811 INFO     ██╗   ██╗██████╗ ██████╗ ████████╗███████╗███╗   ███╗██████╗  ██████╗
2023-11-28 11:39:06,811 INFO     ██║   ██║██╔══██╗██╔══██╗╚══██╔══╝██╔════╝████╗ ████║██╔══██╗██╔═══██╗
2023-11-28 11:39:06,811 INFO     ██║   ██║██████╔╝██████╔╝   ██║   █████╗  ██╔████╔██║██████╔╝██║   ██║
2023-11-28 11:39:06,812 INFO     ╚██╗ ██╔╝██╔═══╝ ██╔══██╗   ██║   ██╔══╝  ██║╚██╔╝██║██╔═══╝ ██║   ██║
2023-11-28 11:39:06,812 INFO      ╚████╔╝ ██║     ██║  ██║   ██║   ███████╗██║ ╚═╝ ██║██║     ╚██████╔╝
2023-11-28 11:39:06,812 INFO       ╚═══╝  ╚═╝     ╚═╝  ╚═╝   ╚═╝   ╚══════╝╚═╝     ╚═╝╚═╝      ╚═════╝ 
2023-11-28 11:39:06,812 INFO     -----------------------------------------------------------------------
2023-11-28 11:39:06,812 INFO     Temporally Encoded Spiking Neural Network for Visual Place Recognition v1.1.0
2023-11-28 11:39:06,812 INFO     Queensland University of Technology, Centre for Robotics
2023-11-28 11:39:06,812 INFO     
2023-11-28 11:39:06,812 INFO     © 2023 Adam D Hines, Peter G Stratton, Michael Milford, Tobias Fischer
2023-11-28 11:39:06,812 INFO     MIT license - https://github.com/QVPR/VPRTempo
2023-11-28 11:39:06,812 INFO     \\\\\\\\\\\\
2023-11-28 11:39:06,812 INFO     
2023-11-28 11:39:06,823 INFO     CUDA available: True
2023-11-28 11:39:06,832 INFO     Current device is: NVIDIA GeForce RTX 2080
2023-11-28 11:39:06,832 INFO     
2023-11-28 11:39:10,748 INFO     +--------+------+------+------+------+------+------+
|   N    |  1   |  5   |  10  |  15  |  20  |  25  |
+--------+------+------+------+------+------+------+
| Recall | 0.95 | 0.98 | 0.99 | 0.99 | 0.99 | 0.99 |
+--------+------+------+------+------+------+------+
