2023-11-27 16:02:00,384 INFO     
2023-11-27 16:02:00,384 INFO     ██╗   ██╗██████╗ ██████╗ ████████╗███████╗███╗   ███╗██████╗  ██████╗
2023-11-27 16:02:00,384 INFO     ██║   ██║██╔══██╗██╔══██╗╚══██╔══╝██╔════╝████╗ ████║██╔══██╗██╔═══██╗
2023-11-27 16:02:00,384 INFO     ██║   ██║██████╔╝██████╔╝   ██║   █████╗  ██╔████╔██║██████╔╝██║   ██║
2023-11-27 16:02:00,384 INFO     ╚██╗ ██╔╝██╔═══╝ ██╔══██╗   ██║   ██╔══╝  ██║╚██╔╝██║██╔═══╝ ██║   ██║
2023-11-27 16:02:00,384 INFO      ╚████╔╝ ██║     ██║  ██║   ██║   ███████╗██║ ╚═╝ ██║██║     ╚██████╔╝
2023-11-27 16:02:00,385 INFO       ╚═══╝  ╚═╝     ╚═╝  ╚═╝   ╚═╝   ╚══════╝╚═╝     ╚═╝╚═╝      ╚═════╝ 
2023-11-27 16:02:00,385 INFO     -----------------------------------------------------------------------
2023-11-27 16:02:00,385 INFO     Temporally Encoded Spiking Neural Network for Visual Place Recognition v1.1.0
2023-11-27 16:02:00,385 INFO     Queensland University of Technology, Centre for Robotics
2023-11-27 16:02:00,385 INFO     
2023-11-27 16:02:00,385 INFO     © 2023 Adam D Hines, Peter G Stratton, Michael Milford, Tobias Fischer
2023-11-27 16:02:00,385 INFO     MIT license - https://github.com/QVPR/VPRTempo
2023-11-27 16:02:00,385 INFO     \\\\\\\\\\\\
2023-11-27 16:02:00,385 INFO     
2023-11-27 16:02:00,396 INFO     CUDA available: True
2023-11-27 16:02:00,405 INFO     Current device is: NVIDIA GeForce RTX 2080
2023-11-27 16:02:00,405 INFO     
2023-11-27 16:02:04,328 INFO     +--------+------+------+------+------+------+------+
|   N    |  1   |  5   |  10  |  15  |  20  |  25  |
+--------+------+------+------+------+------+------+
| Recall | 0.95 | 0.98 | 0.99 | 0.99 | 0.99 | 0.99 |
+--------+------+------+------+------+------+------+
