2023-11-06 12:11:06,436 INFO     
2023-11-06 12:11:06,436 INFO     ██╗   ██╗██████╗ ██████╗ ████████╗███████╗███╗   ███╗██████╗  ██████╗
2023-11-06 12:11:06,436 INFO     ██║   ██║██╔══██╗██╔══██╗╚══██╔══╝██╔════╝████╗ ████║██╔══██╗██╔═══██╗
2023-11-06 12:11:06,437 INFO     ██║   ██║██████╔╝██████╔╝   ██║   █████╗  ██╔████╔██║██████╔╝██║   ██║
2023-11-06 12:11:06,437 INFO     ╚██╗ ██╔╝██╔═══╝ ██╔══██╗   ██║   ██╔══╝  ██║╚██╔╝██║██╔═══╝ ██║   ██║
2023-11-06 12:11:06,437 INFO      ╚████╔╝ ██║     ██║  ██║   ██║   ███████╗██║ ╚═╝ ██║██║     ╚██████╔╝
2023-11-06 12:11:06,437 INFO       ╚═══╝  ╚═╝     ╚═╝  ╚═╝   ╚═╝   ╚══════╝╚═╝     ╚═╝╚═╝      ╚═════╝ 
2023-11-06 12:11:06,437 INFO     -----------------------------------------------------------------------
2023-11-06 12:11:06,437 INFO     Temporally Encoded Spiking Neural Network for Visual Place Recognition v1.1.0
2023-11-06 12:11:06,437 INFO     Queensland University of Technology, Centre for Robotics
2023-11-06 12:11:06,437 INFO     
2023-11-06 12:11:06,437 INFO     © 2023 Adam D Hines, Peter G Stratton, Michael Milford, Tobias Fischer
2023-11-06 12:11:06,437 INFO     MIT license - https://github.com/QVPR/VPRTempo
2023-11-06 12:11:06,437 INFO     \\\\\\\\\\\\
2023-11-06 12:11:06,437 INFO     
2023-11-06 12:11:06,437 INFO     Quantization enabled
2023-11-06 12:11:06,437 INFO     Current device is: CPU
2023-11-06 12:11:06,437 INFO     
2023-11-06 12:11:08,307 INFO     +--------+-------+-------+-------+-------+-------+-------+
|   N    |   1   |   5   |   10  |   15  |   20  |   25  |
+--------+-------+-------+-------+-------+-------+-------+
| Recall | 0.486 | 0.664 | 0.768 | 0.798 | 0.824 | 0.836 |
+--------+-------+-------+-------+-------+-------+-------+
