2023-10-17 21:25:51,763 INFO     
2023-10-17 21:25:51,764 INFO     ██╗   ██╗██████╗ ██████╗ ████████╗███████╗███╗   ███╗██████╗  ██████╗
2023-10-17 21:25:51,764 INFO     ██║   ██║██╔══██╗██╔══██╗╚══██╔══╝██╔════╝████╗ ████║██╔══██╗██╔═══██╗
2023-10-17 21:25:51,764 INFO     ██║   ██║██████╔╝██████╔╝   ██║   █████╗  ██╔████╔██║██████╔╝██║   ██║
2023-10-17 21:25:51,764 INFO     ╚██╗ ██╔╝██╔═══╝ ██╔══██╗   ██║   ██╔══╝  ██║╚██╔╝██║██╔═══╝ ██║   ██║
2023-10-17 21:25:51,765 INFO      ╚████╔╝ ██║     ██║  ██║   ██║   ███████╗██║ ╚═╝ ██║██║     ╚██████╔╝
2023-10-17 21:25:51,765 INFO       ╚═══╝  ╚═╝     ╚═╝  ╚═╝   ╚═╝   ╚══════╝╚═╝     ╚═╝╚═╝      ╚═════╝ 
2023-10-17 21:25:51,765 INFO     -----------------------------------------------------------------------
2023-10-17 21:25:51,766 INFO     Temporally Encoded Spiking Neural Network for Visual Place Recognition v1.1.0
2023-10-17 21:25:51,766 INFO     Queensland University of Technology, Centre for Robotics
2023-10-17 21:25:51,766 INFO     
2023-10-17 21:25:51,767 INFO     © 2023 Adam D Hines, Peter G Stratton, Michael Milford, Tobias Fischer
2023-10-17 21:25:51,767 INFO     MIT license - https://github.com/QVPR/VPRTempo
2023-10-17 21:25:51,767 INFO     \\\\\\\\\\\\
2023-10-17 21:25:51,768 INFO     
2023-10-17 21:25:51,768 INFO     CUDA available: False
2023-10-17 21:25:51,768 INFO     Current device is: CPU
2023-10-17 21:25:51,768 INFO     
2023-10-17 21:33:22,147 INFO     
2023-10-17 21:33:22,148 INFO     ██╗   ██╗██████╗ ██████╗ ████████╗███████╗███╗   ███╗██████╗  ██████╗
2023-10-17 21:33:22,148 INFO     ██║   ██║██╔══██╗██╔══██╗╚══██╔══╝██╔════╝████╗ ████║██╔══██╗██╔═══██╗
2023-10-17 21:33:22,148 INFO     ██║   ██║██████╔╝██████╔╝   ██║   █████╗  ██╔████╔██║██████╔╝██║   ██║
2023-10-17 21:33:22,149 INFO     ╚██╗ ██╔╝██╔═══╝ ██╔══██╗   ██║   ██╔══╝  ██║╚██╔╝██║██╔═══╝ ██║   ██║
2023-10-17 21:33:22,149 INFO      ╚████╔╝ ██║     ██║  ██║   ██║   ███████╗██║ ╚═╝ ██║██║     ╚██████╔╝
2023-10-17 21:33:22,149 INFO       ╚═══╝  ╚═╝     ╚═╝  ╚═╝   ╚═╝   ╚══════╝╚═╝     ╚═╝╚═╝      ╚═════╝ 
2023-10-17 21:33:22,149 INFO     -----------------------------------------------------------------------
2023-10-17 21:33:22,150 INFO     Temporally Encoded Spiking Neural Network for Visual Place Recognition v1.1.0
2023-10-17 21:33:22,150 INFO     Queensland University of Technology, Centre for Robotics
2023-10-17 21:33:22,150 INFO     
2023-10-17 21:33:22,150 INFO     © 2023 Adam D Hines, Peter G Stratton, Michael Milford, Tobias Fischer
2023-10-17 21:33:22,151 INFO     MIT license - https://github.com/QVPR/VPRTempo
2023-10-17 21:33:22,151 INFO     \\\\\\\\\\\\
2023-10-17 21:33:22,151 INFO     
2023-10-17 21:33:22,151 INFO     CUDA available: False
2023-10-17 21:33:22,151 INFO     Current device is: CPU
2023-10-17 21:33:22,152 INFO     
2023-10-17 21:33:45,466 INFO     
2023-10-17 21:33:45,470 INFO     ██╗   ██╗██████╗ ██████╗ ████████╗███████╗███╗   ███╗██████╗  ██████╗
2023-10-17 21:33:45,472 INFO     ██║   ██║██╔══██╗██╔══██╗╚══██╔══╝██╔════╝████╗ ████║██╔══██╗██╔═══██╗
2023-10-17 21:33:45,473 INFO     ██║   ██║██████╔╝██████╔╝   ██║   █████╗  ██╔████╔██║██████╔╝██║   ██║
2023-10-17 21:33:45,474 INFO     ╚██╗ ██╔╝██╔═══╝ ██╔══██╗   ██║   ██╔══╝  ██║╚██╔╝██║██╔═══╝ ██║   ██║
2023-10-17 21:33:45,475 INFO      ╚████╔╝ ██║     ██║  ██║   ██║   ███████╗██║ ╚═╝ ██║██║     ╚██████╔╝
2023-10-17 21:33:45,476 INFO       ╚═══╝  ╚═╝     ╚═╝  ╚═╝   ╚═╝   ╚══════╝╚═╝     ╚═╝╚═╝      ╚═════╝ 
2023-10-17 21:33:45,476 INFO     -----------------------------------------------------------------------
2023-10-17 21:33:45,477 INFO     Temporally Encoded Spiking Neural Network for Visual Place Recognition v1.1.0
2023-10-17 21:33:45,478 INFO     Queensland University of Technology, Centre for Robotics
2023-10-17 21:33:45,479 INFO     
2023-10-17 21:33:45,479 INFO     © 2023 Adam D Hines, Peter G Stratton, Michael Milford, Tobias Fischer
2023-10-17 21:33:45,480 INFO     MIT license - https://github.com/QVPR/VPRTempo
2023-10-17 21:33:45,481 INFO     \\\\\\\\\\\\
2023-10-17 21:33:45,482 INFO     
2023-10-17 21:33:45,483 INFO     CUDA available: False
2023-10-17 21:33:45,484 INFO     Current device is: CPU
2023-10-17 21:33:45,485 INFO     
2023-10-17 21:37:23,627 INFO     
2023-10-17 21:37:23,628 INFO     ██╗   ██╗██████╗ ██████╗ ████████╗███████╗███╗   ███╗██████╗  ██████╗
2023-10-17 21:37:23,628 INFO     ██║   ██║██╔══██╗██╔══██╗╚══██╔══╝██╔════╝████╗ ████║██╔══██╗██╔═══██╗
2023-10-17 21:37:23,628 INFO     ██║   ██║██████╔╝██████╔╝   ██║   █████╗  ██╔████╔██║██████╔╝██║   ██║
2023-10-17 21:37:23,629 INFO     ╚██╗ ██╔╝██╔═══╝ ██╔══██╗   ██║   ██╔══╝  ██║╚██╔╝██║██╔═══╝ ██║   ██║
2023-10-17 21:37:23,629 INFO      ╚████╔╝ ██║     ██║  ██║   ██║   ███████╗██║ ╚═╝ ██║██║     ╚██████╔╝
2023-10-17 21:37:23,629 INFO       ╚═══╝  ╚═╝     ╚═╝  ╚═╝   ╚═╝   ╚══════╝╚═╝     ╚═╝╚═╝      ╚═════╝ 
2023-10-17 21:37:23,629 INFO     -----------------------------------------------------------------------
2023-10-17 21:37:23,630 INFO     Temporally Encoded Spiking Neural Network for Visual Place Recognition v1.1.0
2023-10-17 21:37:23,630 INFO     Queensland University of Technology, Centre for Robotics
2023-10-17 21:37:23,630 INFO     
2023-10-17 21:37:23,630 INFO     © 2023 Adam D Hines, Peter G Stratton, Michael Milford, Tobias Fischer
2023-10-17 21:37:23,631 INFO     MIT license - https://github.com/QVPR/VPRTempo
2023-10-17 21:37:23,631 INFO     \\\\\\\\\\\\
2023-10-17 21:37:23,631 INFO     
2023-10-17 21:37:23,631 INFO     CUDA available: False
2023-10-17 21:37:23,632 INFO     Current device is: CPU
2023-10-17 21:37:23,632 INFO     
2023-10-17 21:37:27,919 INFO     P@100R: 95.4%
2023-10-17 21:38:01,953 INFO     
2023-10-17 21:38:01,953 INFO     ██╗   ██╗██████╗ ██████╗ ████████╗███████╗███╗   ███╗██████╗  ██████╗
2023-10-17 21:38:01,953 INFO     ██║   ██║██╔══██╗██╔══██╗╚══██╔══╝██╔════╝████╗ ████║██╔══██╗██╔═══██╗
2023-10-17 21:38:01,954 INFO     ██║   ██║██████╔╝██████╔╝   ██║   █████╗  ██╔████╔██║██████╔╝██║   ██║
2023-10-17 21:38:01,954 INFO     ╚██╗ ██╔╝██╔═══╝ ██╔══██╗   ██║   ██╔══╝  ██║╚██╔╝██║██╔═══╝ ██║   ██║
2023-10-17 21:38:01,954 INFO      ╚████╔╝ ██║     ██║  ██║   ██║   ███████╗██║ ╚═╝ ██║██║     ╚██████╔╝
2023-10-17 21:38:01,955 INFO       ╚═══╝  ╚═╝     ╚═╝  ╚═╝   ╚═╝   ╚══════╝╚═╝     ╚═╝╚═╝      ╚═════╝ 
2023-10-17 21:38:01,955 INFO     -----------------------------------------------------------------------
2023-10-17 21:38:01,955 INFO     Temporally Encoded Spiking Neural Network for Visual Place Recognition v1.1.0
2023-10-17 21:38:01,955 INFO     Queensland University of Technology, Centre for Robotics
2023-10-17 21:38:01,956 INFO     
2023-10-17 21:38:01,956 INFO     © 2023 Adam D Hines, Peter G Stratton, Michael Milford, Tobias Fischer
2023-10-17 21:38:01,956 INFO     MIT license - https://github.com/QVPR/VPRTempo
2023-10-17 21:38:01,957 INFO     \\\\\\\\\\\\
2023-10-17 21:38:01,957 INFO     
2023-10-17 21:38:01,957 INFO     CUDA available: False
2023-10-17 21:38:01,957 INFO     Current device is: CPU
2023-10-17 21:38:01,958 INFO     
2023-10-17 21:39:16,525 INFO     
2023-10-17 21:39:16,527 INFO     ██╗   ██╗██████╗ ██████╗ ████████╗███████╗███╗   ███╗██████╗  ██████╗
2023-10-17 21:39:16,527 INFO     ██║   ██║██╔══██╗██╔══██╗╚══██╔══╝██╔════╝████╗ ████║██╔══██╗██╔═══██╗
2023-10-17 21:39:16,527 INFO     ██║   ██║██████╔╝██████╔╝   ██║   █████╗  ██╔████╔██║██████╔╝██║   ██║
2023-10-17 21:39:16,527 INFO     ╚██╗ ██╔╝██╔═══╝ ██╔══██╗   ██║   ██╔══╝  ██║╚██╔╝██║██╔═══╝ ██║   ██║
2023-10-17 21:39:16,528 INFO      ╚████╔╝ ██║     ██║  ██║   ██║   ███████╗██║ ╚═╝ ██║██║     ╚██████╔╝
2023-10-17 21:39:16,528 INFO       ╚═══╝  ╚═╝     ╚═╝  ╚═╝   ╚═╝   ╚══════╝╚═╝     ╚═╝╚═╝      ╚═════╝ 
2023-10-17 21:39:16,528 INFO     -----------------------------------------------------------------------
2023-10-17 21:39:16,528 INFO     Temporally Encoded Spiking Neural Network for Visual Place Recognition v1.1.0
2023-10-17 21:39:16,528 INFO     Queensland University of Technology, Centre for Robotics
2023-10-17 21:39:16,529 INFO     
2023-10-17 21:39:16,529 INFO     © 2023 Adam D Hines, Peter G Stratton, Michael Milford, Tobias Fischer
2023-10-17 21:39:16,529 INFO     MIT license - https://github.com/QVPR/VPRTempo
2023-10-17 21:39:16,530 INFO     \\\\\\\\\\\\
2023-10-17 21:39:16,530 INFO     
2023-10-17 21:39:16,530 INFO     CUDA available: False
2023-10-17 21:39:16,530 INFO     Current device is: CPU
2023-10-17 21:39:16,531 INFO     
2023-10-17 21:55:22,374 INFO     P@100R: 73.15%
