2023-10-14 09:48:37,923 INFO     
2023-10-14 09:48:37,924 INFO     ██╗   ██╗██████╗ ██████╗ ████████╗███████╗███╗   ███╗██████╗  ██████╗
2023-10-14 09:48:37,924 INFO     ██║   ██║██╔══██╗██╔══██╗╚══██╔══╝██╔════╝████╗ ████║██╔══██╗██╔═══██╗
2023-10-14 09:48:37,924 INFO     ██║   ██║██████╔╝██████╔╝   ██║   █████╗  ██╔████╔██║██████╔╝██║   ██║
2023-10-14 09:48:37,925 INFO     ╚██╗ ██╔╝██╔═══╝ ██╔══██╗   ██║   ██╔══╝  ██║╚██╔╝██║██╔═══╝ ██║   ██║
2023-10-14 09:48:37,925 INFO      ╚████╔╝ ██║     ██║  ██║   ██║   ███████╗██║ ╚═╝ ██║██║     ╚██████╔╝
2023-10-14 09:48:37,925 INFO       ╚═══╝  ╚═╝     ╚═╝  ╚═╝   ╚═╝   ╚══════╝╚═╝     ╚═╝╚═╝      ╚═════╝ 
2023-10-14 09:48:37,925 INFO     -----------------------------------------------------------------------
2023-10-14 09:48:37,926 INFO     Temporally Encoded Spiking Neural Network for Visual Place Recognition v1.1.0
2023-10-14 09:48:37,927 INFO     Queensland University of Technology, Centre for Robotics
2023-10-14 09:48:37,927 INFO     
2023-10-14 09:48:37,927 INFO     © 2023 Adam D Hines, Peter G Stratton, Michael Milford, Tobias Fischer
2023-10-14 09:48:37,928 INFO     MIT license - https://github.com/QVPR/VPRTempo
2023-10-14 09:48:37,928 INFO     \\\\\\\\\\\\
2023-10-14 09:48:37,929 INFO     
2023-10-14 09:48:37,929 INFO     CUDA available: False
2023-10-14 09:48:37,929 INFO     Current device is: CPU
2023-10-14 09:48:37,929 INFO     
2023-10-14 09:52:14,103 INFO     
2023-10-14 09:52:14,104 INFO     ██╗   ██╗██████╗ ██████╗ ████████╗███████╗███╗   ███╗██████╗  ██████╗
2023-10-14 09:52:14,104 INFO     ██║   ██║██╔══██╗██╔══██╗╚══██╔══╝██╔════╝████╗ ████║██╔══██╗██╔═══██╗
2023-10-14 09:52:14,104 INFO     ██║   ██║██████╔╝██████╔╝   ██║   █████╗  ██╔████╔██║██████╔╝██║   ██║
2023-10-14 09:52:14,104 INFO     ╚██╗ ██╔╝██╔═══╝ ██╔══██╗   ██║   ██╔══╝  ██║╚██╔╝██║██╔═══╝ ██║   ██║
2023-10-14 09:52:14,105 INFO      ╚████╔╝ ██║     ██║  ██║   ██║   ███████╗██║ ╚═╝ ██║██║     ╚██████╔╝
2023-10-14 09:52:14,105 INFO       ╚═══╝  ╚═╝     ╚═╝  ╚═╝   ╚═╝   ╚══════╝╚═╝     ╚═╝╚═╝      ╚═════╝ 
2023-10-14 09:52:14,105 INFO     -----------------------------------------------------------------------
2023-10-14 09:52:14,105 INFO     Temporally Encoded Spiking Neural Network for Visual Place Recognition v1.1.0
2023-10-14 09:52:14,105 INFO     Queensland University of Technology, Centre for Robotics
2023-10-14 09:52:14,106 INFO     
2023-10-14 09:52:14,106 INFO     © 2023 Adam D Hines, Peter G Stratton, Michael Milford, Tobias Fischer
2023-10-14 09:52:14,106 INFO     MIT license - https://github.com/QVPR/VPRTempo
2023-10-14 09:52:14,107 INFO     \\\\\\\\\\\\
2023-10-14 09:52:14,107 INFO     
2023-10-14 09:52:14,107 INFO     CUDA available: False
2023-10-14 09:52:14,107 INFO     Current device is: CPU
2023-10-14 09:52:14,108 INFO     
2023-10-14 09:54:31,892 INFO     
2023-10-14 09:54:31,894 INFO     ██╗   ██╗██████╗ ██████╗ ████████╗███████╗███╗   ███╗██████╗  ██████╗
2023-10-14 09:54:31,894 INFO     ██║   ██║██╔══██╗██╔══██╗╚══██╔══╝██╔════╝████╗ ████║██╔══██╗██╔═══██╗
2023-10-14 09:54:31,894 INFO     ██║   ██║██████╔╝██████╔╝   ██║   █████╗  ██╔████╔██║██████╔╝██║   ██║
2023-10-14 09:54:31,894 INFO     ╚██╗ ██╔╝██╔═══╝ ██╔══██╗   ██║   ██╔══╝  ██║╚██╔╝██║██╔═══╝ ██║   ██║
2023-10-14 09:54:31,895 INFO      ╚████╔╝ ██║     ██║  ██║   ██║   ███████╗██║ ╚═╝ ██║██║     ╚██████╔╝
2023-10-14 09:54:31,895 INFO       ╚═══╝  ╚═╝     ╚═╝  ╚═╝   ╚═╝   ╚══════╝╚═╝     ╚═╝╚═╝      ╚═════╝ 
2023-10-14 09:54:31,895 INFO     -----------------------------------------------------------------------
2023-10-14 09:54:31,895 INFO     Temporally Encoded Spiking Neural Network for Visual Place Recognition v1.1.0
2023-10-14 09:54:31,896 INFO     Queensland University of Technology, Centre for Robotics
2023-10-14 09:54:31,896 INFO     
2023-10-14 09:54:31,896 INFO     © 2023 Adam D Hines, Peter G Stratton, Michael Milford, Tobias Fischer
2023-10-14 09:54:31,897 INFO     MIT license - https://github.com/QVPR/VPRTempo
2023-10-14 09:54:31,897 INFO     \\\\\\\\\\\\
2023-10-14 09:54:31,897 INFO     
2023-10-14 09:54:31,897 INFO     CUDA available: False
2023-10-14 09:54:31,898 INFO     Current device is: CPU
2023-10-14 09:54:31,898 INFO     
2023-10-14 09:55:27,547 INFO     
2023-10-14 09:55:27,550 INFO     ██╗   ██╗██████╗ ██████╗ ████████╗███████╗███╗   ███╗██████╗  ██████╗
2023-10-14 09:55:27,550 INFO     ██║   ██║██╔══██╗██╔══██╗╚══██╔══╝██╔════╝████╗ ████║██╔══██╗██╔═══██╗
2023-10-14 09:55:27,550 INFO     ██║   ██║██████╔╝██████╔╝   ██║   █████╗  ██╔████╔██║██████╔╝██║   ██║
2023-10-14 09:55:27,551 INFO     ╚██╗ ██╔╝██╔═══╝ ██╔══██╗   ██║   ██╔══╝  ██║╚██╔╝██║██╔═══╝ ██║   ██║
2023-10-14 09:55:27,551 INFO      ╚████╔╝ ██║     ██║  ██║   ██║   ███████╗██║ ╚═╝ ██║██║     ╚██████╔╝
2023-10-14 09:55:27,551 INFO       ╚═══╝  ╚═╝     ╚═╝  ╚═╝   ╚═╝   ╚══════╝╚═╝     ╚═╝╚═╝      ╚═════╝ 
2023-10-14 09:55:27,551 INFO     -----------------------------------------------------------------------
2023-10-14 09:55:27,551 INFO     Temporally Encoded Spiking Neural Network for Visual Place Recognition v1.1.0
2023-10-14 09:55:27,552 INFO     Queensland University of Technology, Centre for Robotics
2023-10-14 09:55:27,552 INFO     
2023-10-14 09:55:27,552 INFO     © 2023 Adam D Hines, Peter G Stratton, Michael Milford, Tobias Fischer
2023-10-14 09:55:27,552 INFO     MIT license - https://github.com/QVPR/VPRTempo
2023-10-14 09:55:27,552 INFO     \\\\\\\\\\\\
2023-10-14 09:55:27,553 INFO     
2023-10-14 09:55:27,553 INFO     CUDA available: False
2023-10-14 09:55:27,553 INFO     Current device is: CPU
2023-10-14 09:55:27,553 INFO     
2023-10-14 09:58:57,393 INFO     
2023-10-14 09:58:57,394 INFO     ██╗   ██╗██████╗ ██████╗ ████████╗███████╗███╗   ███╗██████╗  ██████╗
2023-10-14 09:58:57,394 INFO     ██║   ██║██╔══██╗██╔══██╗╚══██╔══╝██╔════╝████╗ ████║██╔══██╗██╔═══██╗
2023-10-14 09:58:57,394 INFO     ██║   ██║██████╔╝██████╔╝   ██║   █████╗  ██╔████╔██║██████╔╝██║   ██║
2023-10-14 09:58:57,395 INFO     ╚██╗ ██╔╝██╔═══╝ ██╔══██╗   ██║   ██╔══╝  ██║╚██╔╝██║██╔═══╝ ██║   ██║
2023-10-14 09:58:57,396 INFO      ╚████╔╝ ██║     ██║  ██║   ██║   ███████╗██║ ╚═╝ ██║██║     ╚██████╔╝
2023-10-14 09:58:57,396 INFO       ╚═══╝  ╚═╝     ╚═╝  ╚═╝   ╚═╝   ╚══════╝╚═╝     ╚═╝╚═╝      ╚═════╝ 
2023-10-14 09:58:57,397 INFO     -----------------------------------------------------------------------
2023-10-14 09:58:57,397 INFO     Temporally Encoded Spiking Neural Network for Visual Place Recognition v1.1.0
2023-10-14 09:58:57,397 INFO     Queensland University of Technology, Centre for Robotics
2023-10-14 09:58:57,397 INFO     
2023-10-14 09:58:57,397 INFO     © 2023 Adam D Hines, Peter G Stratton, Michael Milford, Tobias Fischer
2023-10-14 09:58:57,398 INFO     MIT license - https://github.com/QVPR/VPRTempo
2023-10-14 09:58:57,398 INFO     \\\\\\\\\\\\
2023-10-14 09:58:57,398 INFO     
2023-10-14 09:58:57,399 INFO     CUDA available: False
2023-10-14 09:58:57,399 INFO     Current device is: CPU
2023-10-14 09:58:57,399 INFO     
