2023-11-06 12:05:22,984 INFO     
2023-11-06 12:05:22,984 INFO     ██╗   ██╗██████╗ ██████╗ ████████╗███████╗███╗   ███╗██████╗  ██████╗
2023-11-06 12:05:22,985 INFO     ██║   ██║██╔══██╗██╔══██╗╚══██╔══╝██╔════╝████╗ ████║██╔══██╗██╔═══██╗
2023-11-06 12:05:22,985 INFO     ██║   ██║██████╔╝██████╔╝   ██║   █████╗  ██╔████╔██║██████╔╝██║   ██║
2023-11-06 12:05:22,985 INFO     ╚██╗ ██╔╝██╔═══╝ ██╔══██╗   ██║   ██╔══╝  ██║╚██╔╝██║██╔═══╝ ██║   ██║
2023-11-06 12:05:22,985 INFO      ╚████╔╝ ██║     ██║  ██║   ██║   ███████╗██║ ╚═╝ ██║██║     ╚██████╔╝
2023-11-06 12:05:22,985 INFO       ╚═══╝  ╚═╝     ╚═╝  ╚═╝   ╚═╝   ╚══════╝╚═╝     ╚═╝╚═╝      ╚═════╝ 
2023-11-06 12:05:22,985 INFO     -----------------------------------------------------------------------
2023-11-06 12:05:22,985 INFO     Temporally Encoded Spiking Neural Network for Visual Place Recognition v1.1.0
2023-11-06 12:05:22,985 INFO     Queensland University of Technology, Centre for Robotics
2023-11-06 12:05:22,985 INFO     
2023-11-06 12:05:22,985 INFO     © 2023 Adam D Hines, Peter G Stratton, Michael Milford, Tobias Fischer
2023-11-06 12:05:22,985 INFO     MIT license - https://github.com/QVPR/VPRTempo
2023-11-06 12:05:22,985 INFO     \\\\\\\\\\\\
2023-11-06 12:05:22,985 INFO     
2023-11-06 12:05:22,985 INFO     Quantization enabled
2023-11-06 12:05:22,985 INFO     Current device is: CPU
2023-11-06 12:05:22,985 INFO     
2023-11-06 12:05:25,046 INFO     +--------+-------+-------+-------+-------+-------+-------+
|   N    |   1   |   5   |   10  |   15  |   20  |   25  |
+--------+-------+-------+-------+-------+-------+-------+
| Recall | 0.924 | 0.962 | 0.972 | 0.982 | 0.986 | 0.988 |
+--------+-------+-------+-------+-------+-------+-------+
