2023-11-06 12:51:33,279 INFO     
2023-11-06 12:51:33,279 INFO     ██╗   ██╗██████╗ ██████╗ ████████╗███████╗███╗   ███╗██████╗  ██████╗
2023-11-06 12:51:33,279 INFO     ██║   ██║██╔══██╗██╔══██╗╚══██╔══╝██╔════╝████╗ ████║██╔══██╗██╔═══██╗
2023-11-06 12:51:33,279 INFO     ██║   ██║██████╔╝██████╔╝   ██║   █████╗  ██╔████╔██║██████╔╝██║   ██║
2023-11-06 12:51:33,279 INFO     ╚██╗ ██╔╝██╔═══╝ ██╔══██╗   ██║   ██╔══╝  ██║╚██╔╝██║██╔═══╝ ██║   ██║
2023-11-06 12:51:33,279 INFO      ╚████╔╝ ██║     ██║  ██║   ██║   ███████╗██║ ╚═╝ ██║██║     ╚██████╔╝
2023-11-06 12:51:33,279 INFO       ╚═══╝  ╚═╝     ╚═╝  ╚═╝   ╚═╝   ╚══════╝╚═╝     ╚═╝╚═╝      ╚═════╝ 
2023-11-06 12:51:33,279 INFO     -----------------------------------------------------------------------
2023-11-06 12:51:33,279 INFO     Temporally Encoded Spiking Neural Network for Visual Place Recognition v1.1.0
2023-11-06 12:51:33,279 INFO     Queensland University of Technology, Centre for Robotics
2023-11-06 12:51:33,279 INFO     
2023-11-06 12:51:33,279 INFO     © 2023 Adam D Hines, Peter G Stratton, Michael Milford, Tobias Fischer
2023-11-06 12:51:33,280 INFO     MIT license - https://github.com/QVPR/VPRTempo
2023-11-06 12:51:33,280 INFO     \\\\\\\\\\\\
2023-11-06 12:51:33,280 INFO     
2023-11-06 12:51:33,280 INFO     CUDA available: True
2023-11-06 12:51:33,280 INFO     Current device is: NVIDIA GeForce RTX 2080
2023-11-06 12:51:33,280 INFO     
2023-11-06 12:51:48,575 INFO     +--------+------+------+------+------+------+------+
|   N    |  1   |  5   |  10  |  15  |  20  |  25  |
+--------+------+------+------+------+------+------+
| Recall | 0.51 | 0.66 | 0.72 | 0.75 | 0.78 | 0.79 |
+--------+------+------+------+------+------+------+
