2023-11-30 11:23:03,975 INFO     
2023-11-30 11:23:03,975 INFO     ██╗   ██╗██████╗ ██████╗ ████████╗███████╗███╗   ███╗██████╗  ██████╗
2023-11-30 11:23:03,975 INFO     ██║   ██║██╔══██╗██╔══██╗╚══██╔══╝██╔════╝████╗ ████║██╔══██╗██╔═══██╗
2023-11-30 11:23:03,975 INFO     ██║   ██║██████╔╝██████╔╝   ██║   █████╗  ██╔████╔██║██████╔╝██║   ██║
2023-11-30 11:23:03,975 INFO     ╚██╗ ██╔╝██╔═══╝ ██╔══██╗   ██║   ██╔══╝  ██║╚██╔╝██║██╔═══╝ ██║   ██║
2023-11-30 11:23:03,976 INFO      ╚████╔╝ ██║     ██║  ██║   ██║   ███████╗██║ ╚═╝ ██║██║     ╚██████╔╝
2023-11-30 11:23:03,976 INFO       ╚═══╝  ╚═╝     ╚═╝  ╚═╝   ╚═╝   ╚══════╝╚═╝     ╚═╝╚═╝      ╚═════╝ 
2023-11-30 11:23:03,976 INFO     -----------------------------------------------------------------------
2023-11-30 11:23:03,976 INFO     Temporally Encoded Spiking Neural Network for Visual Place Recognition v1.1.0
2023-11-30 11:23:03,976 INFO     Queensland University of Technology, Centre for Robotics
2023-11-30 11:23:03,976 INFO     
2023-11-30 11:23:03,976 INFO     © 2023 Adam D Hines, Peter G Stratton, Michael Milford, Tobias Fischer
2023-11-30 11:23:03,976 INFO     MIT license - https://github.com/QVPR/VPRTempo
2023-11-30 11:23:03,976 INFO     \\\\\\\\\\\\
2023-11-30 11:23:03,976 INFO     
2023-11-30 11:23:03,976 INFO     CUDA available: False
2023-11-30 11:23:03,976 INFO     Current device is: CPU
2023-11-30 11:23:03,976 INFO     
2023-11-30 11:23:04,922 INFO     
2023-11-30 11:23:04,923 INFO     ██╗   ██╗██████╗ ██████╗ ████████╗███████╗███╗   ███╗██████╗  ██████╗
2023-11-30 11:23:04,923 INFO     ██║   ██║██╔══██╗██╔══██╗╚══██╔══╝██╔════╝████╗ ████║██╔══██╗██╔═══██╗
2023-11-30 11:23:04,923 INFO     ██║   ██║██████╔╝██████╔╝   ██║   █████╗  ██╔████╔██║██████╔╝██║   ██║
2023-11-30 11:23:04,923 INFO     ╚██╗ ██╔╝██╔═══╝ ██╔══██╗   ██║   ██╔══╝  ██║╚██╔╝██║██╔═══╝ ██║   ██║
2023-11-30 11:23:04,923 INFO      ╚████╔╝ ██║     ██║  ██║   ██║   ███████╗██║ ╚═╝ ██║██║     ╚██████╔╝
2023-11-30 11:23:04,923 INFO       ╚═══╝  ╚═╝     ╚═╝  ╚═╝   ╚═╝   ╚══════╝╚═╝     ╚═╝╚═╝      ╚═════╝ 
2023-11-30 11:23:04,923 INFO     -----------------------------------------------------------------------
2023-11-30 11:23:04,923 INFO     Temporally Encoded Spiking Neural Network for Visual Place Recognition v1.1.0
2023-11-30 11:23:04,923 INFO     Queensland University of Technology, Centre for Robotics
2023-11-30 11:23:04,923 INFO     
2023-11-30 11:23:04,923 INFO     © 2023 Adam D Hines, Peter G Stratton, Michael Milford, Tobias Fischer
2023-11-30 11:23:04,923 INFO     MIT license - https://github.com/QVPR/VPRTempo
2023-11-30 11:23:04,923 INFO     \\\\\\\\\\\\
2023-11-30 11:23:04,923 INFO     
2023-11-30 11:23:04,923 INFO     CUDA available: False
2023-11-30 11:23:04,923 INFO     Current device is: CPU
2023-11-30 11:23:04,923 INFO     
