2023-11-06 12:11:32,805 INFO     
2023-11-06 12:11:32,806 INFO     ██╗   ██╗██████╗ ██████╗ ████████╗███████╗███╗   ███╗██████╗  ██████╗
2023-11-06 12:11:32,806 INFO     ██║   ██║██╔══██╗██╔══██╗╚══██╔══╝██╔════╝████╗ ████║██╔══██╗██╔═══██╗
2023-11-06 12:11:32,806 INFO     ██║   ██║██████╔╝██████╔╝   ██║   █████╗  ██╔████╔██║██████╔╝██║   ██║
2023-11-06 12:11:32,806 INFO     ╚██╗ ██╔╝██╔═══╝ ██╔══██╗   ██║   ██╔══╝  ██║╚██╔╝██║██╔═══╝ ██║   ██║
2023-11-06 12:11:32,806 INFO      ╚████╔╝ ██║     ██║  ██║   ██║   ███████╗██║ ╚═╝ ██║██║     ╚██████╔╝
2023-11-06 12:11:32,806 INFO       ╚═══╝  ╚═╝     ╚═╝  ╚═╝   ╚═╝   ╚══════╝╚═╝     ╚═╝╚═╝      ╚═════╝ 
2023-11-06 12:11:32,806 INFO     -----------------------------------------------------------------------
2023-11-06 12:11:32,806 INFO     Temporally Encoded Spiking Neural Network for Visual Place Recognition v1.1.0
2023-11-06 12:11:32,806 INFO     Queensland University of Technology, Centre for Robotics
2023-11-06 12:11:32,806 INFO     
2023-11-06 12:11:32,806 INFO     © 2023 Adam D Hines, Peter G Stratton, Michael Milford, Tobias Fischer
2023-11-06 12:11:32,806 INFO     MIT license - https://github.com/QVPR/VPRTempo
2023-11-06 12:11:32,806 INFO     \\\\\\\\\\\\
2023-11-06 12:11:32,806 INFO     
2023-11-06 12:11:32,806 INFO     Quantization enabled
2023-11-06 12:11:32,806 INFO     Current device is: CPU
2023-11-06 12:11:32,807 INFO     
2023-11-06 12:11:37,777 INFO     +--------+------+-------+-------+-------+-------+-------+
|   N    |  1   |   5   |   10  |   15  |   20  |   25  |
+--------+------+-------+-------+-------+-------+-------+
| Recall | 0.77 | 0.852 | 0.888 | 0.906 | 0.918 | 0.924 |
+--------+------+-------+-------+-------+-------+-------+
