2023-11-06 08:44:20,048 INFO     
2023-11-06 08:44:20,048 INFO     ██╗   ██╗██████╗ ██████╗ ████████╗███████╗███╗   ███╗██████╗  ██████╗
2023-11-06 08:44:20,048 INFO     ██║   ██║██╔══██╗██╔══██╗╚══██╔══╝██╔════╝████╗ ████║██╔══██╗██╔═══██╗
2023-11-06 08:44:20,048 INFO     ██║   ██║██████╔╝██████╔╝   ██║   █████╗  ██╔████╔██║██████╔╝██║   ██║
2023-11-06 08:44:20,048 INFO     ╚██╗ ██╔╝██╔═══╝ ██╔══██╗   ██║   ██╔══╝  ██║╚██╔╝██║██╔═══╝ ██║   ██║
2023-11-06 08:44:20,048 INFO      ╚████╔╝ ██║     ██║  ██║   ██║   ███████╗██║ ╚═╝ ██║██║     ╚██████╔╝
2023-11-06 08:44:20,048 INFO       ╚═══╝  ╚═╝     ╚═╝  ╚═╝   ╚═╝   ╚══════╝╚═╝     ╚═╝╚═╝      ╚═════╝ 
2023-11-06 08:44:20,048 INFO     -----------------------------------------------------------------------
2023-11-06 08:44:20,048 INFO     Temporally Encoded Spiking Neural Network for Visual Place Recognition v1.1.0
2023-11-06 08:44:20,048 INFO     Queensland University of Technology, Centre for Robotics
2023-11-06 08:44:20,048 INFO     
2023-11-06 08:44:20,048 INFO     © 2023 Adam D Hines, Peter G Stratton, Michael Milford, Tobias Fischer
2023-11-06 08:44:20,048 INFO     MIT license - https://github.com/QVPR/VPRTempo
2023-11-06 08:44:20,048 INFO     \\\\\\\\\\\\
2023-11-06 08:44:20,048 INFO     
2023-11-06 08:44:20,060 INFO     CUDA available: True
2023-11-06 08:44:20,069 INFO     Current device is: NVIDIA GeForce RTX 2080
2023-11-06 08:44:20,069 INFO     
2023-11-06 08:44:22,238 INFO     
2023-11-06 08:44:22,238 INFO     ██╗   ██╗██████╗ ██████╗ ████████╗███████╗███╗   ███╗██████╗  ██████╗
2023-11-06 08:44:22,238 INFO     ██║   ██║██╔══██╗██╔══██╗╚══██╔══╝██╔════╝████╗ ████║██╔══██╗██╔═══██╗
2023-11-06 08:44:22,239 INFO     ██║   ██║██████╔╝██████╔╝   ██║   █████╗  ██╔████╔██║██████╔╝██║   ██║
2023-11-06 08:44:22,239 INFO     ╚██╗ ██╔╝██╔═══╝ ██╔══██╗   ██║   ██╔══╝  ██║╚██╔╝██║██╔═══╝ ██║   ██║
2023-11-06 08:44:22,239 INFO      ╚████╔╝ ██║     ██║  ██║   ██║   ███████╗██║ ╚═╝ ██║██║     ╚██████╔╝
2023-11-06 08:44:22,239 INFO       ╚═══╝  ╚═╝     ╚═╝  ╚═╝   ╚═╝   ╚══════╝╚═╝     ╚═╝╚═╝      ╚═════╝ 
2023-11-06 08:44:22,239 INFO     -----------------------------------------------------------------------
2023-11-06 08:44:22,239 INFO     Temporally Encoded Spiking Neural Network for Visual Place Recognition v1.1.0
2023-11-06 08:44:22,239 INFO     Queensland University of Technology, Centre for Robotics
2023-11-06 08:44:22,239 INFO     
2023-11-06 08:44:22,239 INFO     © 2023 Adam D Hines, Peter G Stratton, Michael Milford, Tobias Fischer
2023-11-06 08:44:22,239 INFO     MIT license - https://github.com/QVPR/VPRTempo
2023-11-06 08:44:22,239 INFO     \\\\\\\\\\\\
2023-11-06 08:44:22,239 INFO     
2023-11-06 08:44:22,239 INFO     CUDA available: True
2023-11-06 08:44:22,239 INFO     Current device is: NVIDIA GeForce RTX 2080
2023-11-06 08:44:22,239 INFO     
2023-11-06 08:44:36,117 INFO     P@100R: 95.2%
