2023-11-06 12:05:04,975 INFO     
2023-11-06 12:05:04,975 INFO     ██╗   ██╗██████╗ ██████╗ ████████╗███████╗███╗   ███╗██████╗  ██████╗
2023-11-06 12:05:04,975 INFO     ██║   ██║██╔══██╗██╔══██╗╚══██╔══╝██╔════╝████╗ ████║██╔══██╗██╔═══██╗
2023-11-06 12:05:04,975 INFO     ██║   ██║██████╔╝██████╔╝   ██║   █████╗  ██╔████╔██║██████╔╝██║   ██║
2023-11-06 12:05:04,975 INFO     ╚██╗ ██╔╝██╔═══╝ ██╔══██╗   ██║   ██╔══╝  ██║╚██╔╝██║██╔═══╝ ██║   ██║
2023-11-06 12:05:04,975 INFO      ╚████╔╝ ██║     ██║  ██║   ██║   ███████╗██║ ╚═╝ ██║██║     ╚██████╔╝
2023-11-06 12:05:04,975 INFO       ╚═══╝  ╚═╝     ╚═╝  ╚═╝   ╚═╝   ╚══════╝╚═╝     ╚═╝╚═╝      ╚═════╝ 
2023-11-06 12:05:04,975 INFO     -----------------------------------------------------------------------
2023-11-06 12:05:04,975 INFO     Temporally Encoded Spiking Neural Network for Visual Place Recognition v1.1.0
2023-11-06 12:05:04,975 INFO     Queensland University of Technology, Centre for Robotics
2023-11-06 12:05:04,975 INFO     
2023-11-06 12:05:04,975 INFO     © 2023 Adam D Hines, Peter G Stratton, Michael Milford, Tobias Fischer
2023-11-06 12:05:04,975 INFO     MIT license - https://github.com/QVPR/VPRTempo
2023-11-06 12:05:04,975 INFO     \\\\\\\\\\\\
2023-11-06 12:05:04,975 INFO     
2023-11-06 12:05:04,975 INFO     Quantization enabled
2023-11-06 12:05:04,976 INFO     Current device is: CPU
2023-11-06 12:05:04,976 INFO     
2023-11-06 12:05:06,986 INFO     +----------+-------+-------+-------+-------+-------+-------+
| Recall@N |   1   |   5   |   10  |   15  |   20  |   25  |
+----------+-------+-------+-------+-------+-------+-------+
| Recall@N | 0.924 | 0.962 | 0.972 | 0.982 | 0.986 | 0.988 |
+----------+-------+-------+-------+-------+-------+-------+
