2023-11-08 10:19:34,440 INFO     
2023-11-08 10:19:34,440 INFO     ██╗   ██╗██████╗ ██████╗ ████████╗███████╗███╗   ███╗██████╗  ██████╗
2023-11-08 10:19:34,441 INFO     ██║   ██║██╔══██╗██╔══██╗╚══██╔══╝██╔════╝████╗ ████║██╔══██╗██╔═══██╗
2023-11-08 10:19:34,441 INFO     ██║   ██║██████╔╝██████╔╝   ██║   █████╗  ██╔████╔██║██████╔╝██║   ██║
2023-11-08 10:19:34,442 INFO     ╚██╗ ██╔╝██╔═══╝ ██╔══██╗   ██║   ██╔══╝  ██║╚██╔╝██║██╔═══╝ ██║   ██║
2023-11-08 10:19:34,443 INFO      ╚████╔╝ ██║     ██║  ██║   ██║   ███████╗██║ ╚═╝ ██║██║     ╚██████╔╝
2023-11-08 10:19:34,443 INFO       ╚═══╝  ╚═╝     ╚═╝  ╚═╝   ╚═╝   ╚══════╝╚═╝     ╚═╝╚═╝      ╚═════╝ 
2023-11-08 10:19:34,444 INFO     -----------------------------------------------------------------------
2023-11-08 10:19:34,444 INFO     Temporally Encoded Spiking Neural Network for Visual Place Recognition v1.1.0
2023-11-08 10:19:34,445 INFO     Queensland University of Technology, Centre for Robotics
2023-11-08 10:19:34,445 INFO     
2023-11-08 10:19:34,445 INFO     © 2023 Adam D Hines, Peter G Stratton, Michael Milford, Tobias Fischer
2023-11-08 10:19:34,446 INFO     MIT license - https://github.com/QVPR/VPRTempo
2023-11-08 10:19:34,447 INFO     \\\\\\\\\\\\
2023-11-08 10:19:34,447 INFO     
2023-11-08 10:19:34,447 INFO     Quantization enabled
2023-11-08 10:19:34,448 INFO     Current device is: CPU
2023-11-08 10:19:34,448 INFO     
2023-11-08 16:27:58,040 INFO     
2023-11-08 16:27:58,041 INFO     ██╗   ██╗██████╗ ██████╗ ████████╗███████╗███╗   ███╗██████╗  ██████╗
2023-11-08 16:27:58,042 INFO     ██║   ██║██╔══██╗██╔══██╗╚══██╔══╝██╔════╝████╗ ████║██╔══██╗██╔═══██╗
2023-11-08 16:27:58,042 INFO     ██║   ██║██████╔╝██████╔╝   ██║   █████╗  ██╔████╔██║██████╔╝██║   ██║
2023-11-08 16:27:58,043 INFO     ╚██╗ ██╔╝██╔═══╝ ██╔══██╗   ██║   ██╔══╝  ██║╚██╔╝██║██╔═══╝ ██║   ██║
2023-11-08 16:27:58,043 INFO      ╚████╔╝ ██║     ██║  ██║   ██║   ███████╗██║ ╚═╝ ██║██║     ╚██████╔╝
2023-11-08 16:27:58,044 INFO       ╚═══╝  ╚═╝     ╚═╝  ╚═╝   ╚═╝   ╚══════╝╚═╝     ╚═╝╚═╝      ╚═════╝ 
2023-11-08 16:27:58,045 INFO     -----------------------------------------------------------------------
2023-11-08 16:27:58,045 INFO     Temporally Encoded Spiking Neural Network for Visual Place Recognition v1.1.0
2023-11-08 16:27:58,046 INFO     Queensland University of Technology, Centre for Robotics
2023-11-08 16:27:58,046 INFO     
2023-11-08 16:27:58,047 INFO     © 2023 Adam D Hines, Peter G Stratton, Michael Milford, Tobias Fischer
2023-11-08 16:27:58,047 INFO     MIT license - https://github.com/QVPR/VPRTempo
2023-11-08 16:27:58,048 INFO     \\\\\\\\\\\\
2023-11-08 16:27:58,049 INFO     
2023-11-08 16:27:58,050 INFO     Quantization enabled
2023-11-08 16:27:58,050 INFO     Current device is: CPU
2023-11-08 16:27:58,051 INFO     
2023-11-08 16:54:47,871 INFO     
2023-11-08 16:54:47,872 INFO     ██╗   ██╗██████╗ ██████╗ ████████╗███████╗███╗   ███╗██████╗  ██████╗
2023-11-08 16:54:47,873 INFO     ██║   ██║██╔══██╗██╔══██╗╚══██╔══╝██╔════╝████╗ ████║██╔══██╗██╔═══██╗
2023-11-08 16:54:47,873 INFO     ██║   ██║██████╔╝██████╔╝   ██║   █████╗  ██╔████╔██║██████╔╝██║   ██║
2023-11-08 16:54:47,874 INFO     ╚██╗ ██╔╝██╔═══╝ ██╔══██╗   ██║   ██╔══╝  ██║╚██╔╝██║██╔═══╝ ██║   ██║
2023-11-08 16:54:47,875 INFO      ╚████╔╝ ██║     ██║  ██║   ██║   ███████╗██║ ╚═╝ ██║██║     ╚██████╔╝
2023-11-08 16:54:47,876 INFO       ╚═══╝  ╚═╝     ╚═╝  ╚═╝   ╚═╝   ╚══════╝╚═╝     ╚═╝╚═╝      ╚═════╝ 
2023-11-08 16:54:47,876 INFO     -----------------------------------------------------------------------
2023-11-08 16:54:47,877 INFO     Temporally Encoded Spiking Neural Network for Visual Place Recognition v1.1.0
2023-11-08 16:54:47,878 INFO     Queensland University of Technology, Centre for Robotics
2023-11-08 16:54:47,878 INFO     
2023-11-08 16:54:47,879 INFO     © 2023 Adam D Hines, Peter G Stratton, Michael Milford, Tobias Fischer
2023-11-08 16:54:47,880 INFO     MIT license - https://github.com/QVPR/VPRTempo
2023-11-08 16:54:47,880 INFO     \\\\\\\\\\\\
2023-11-08 16:54:47,881 INFO     
2023-11-08 16:54:47,881 INFO     Quantization enabled
2023-11-08 16:54:47,882 INFO     Current device is: CPU
2023-11-08 16:54:47,882 INFO     
2023-11-08 16:58:20,155 INFO     
2023-11-08 16:58:20,156 INFO     ██╗   ██╗██████╗ ██████╗ ████████╗███████╗███╗   ███╗██████╗  ██████╗
2023-11-08 16:58:20,157 INFO     ██║   ██║██╔══██╗██╔══██╗╚══██╔══╝██╔════╝████╗ ████║██╔══██╗██╔═══██╗
2023-11-08 16:58:20,157 INFO     ██║   ██║██████╔╝██████╔╝   ██║   █████╗  ██╔████╔██║██████╔╝██║   ██║
2023-11-08 16:58:20,158 INFO     ╚██╗ ██╔╝██╔═══╝ ██╔══██╗   ██║   ██╔══╝  ██║╚██╔╝██║██╔═══╝ ██║   ██║
2023-11-08 16:58:20,158 INFO      ╚████╔╝ ██║     ██║  ██║   ██║   ███████╗██║ ╚═╝ ██║██║     ╚██████╔╝
2023-11-08 16:58:20,159 INFO       ╚═══╝  ╚═╝     ╚═╝  ╚═╝   ╚═╝   ╚══════╝╚═╝     ╚═╝╚═╝      ╚═════╝ 
2023-11-08 16:58:20,160 INFO     -----------------------------------------------------------------------
2023-11-08 16:58:20,160 INFO     Temporally Encoded Spiking Neural Network for Visual Place Recognition v1.1.0
2023-11-08 16:58:20,161 INFO     Queensland University of Technology, Centre for Robotics
2023-11-08 16:58:20,161 INFO     
2023-11-08 16:58:20,162 INFO     © 2023 Adam D Hines, Peter G Stratton, Michael Milford, Tobias Fischer
2023-11-08 16:58:20,162 INFO     MIT license - https://github.com/QVPR/VPRTempo
2023-11-08 16:58:20,163 INFO     \\\\\\\\\\\\
2023-11-08 16:58:20,164 INFO     
2023-11-08 16:58:20,164 INFO     Quantization enabled
2023-11-08 16:58:20,165 INFO     Current device is: CPU
2023-11-08 16:58:20,165 INFO     
2023-11-08 17:43:38,272 INFO     
2023-11-08 17:43:38,273 INFO     ██╗   ██╗██████╗ ██████╗ ████████╗███████╗███╗   ███╗██████╗  ██████╗
2023-11-08 17:43:38,273 INFO     ██║   ██║██╔══██╗██╔══██╗╚══██╔══╝██╔════╝████╗ ████║██╔══██╗██╔═══██╗
2023-11-08 17:43:38,274 INFO     ██║   ██║██████╔╝██████╔╝   ██║   █████╗  ██╔████╔██║██████╔╝██║   ██║
2023-11-08 17:43:38,275 INFO     ╚██╗ ██╔╝██╔═══╝ ██╔══██╗   ██║   ██╔══╝  ██║╚██╔╝██║██╔═══╝ ██║   ██║
2023-11-08 17:43:38,275 INFO      ╚████╔╝ ██║     ██║  ██║   ██║   ███████╗██║ ╚═╝ ██║██║     ╚██████╔╝
2023-11-08 17:43:38,276 INFO       ╚═══╝  ╚═╝     ╚═╝  ╚═╝   ╚═╝   ╚══════╝╚═╝     ╚═╝╚═╝      ╚═════╝ 
2023-11-08 17:43:38,276 INFO     -----------------------------------------------------------------------
2023-11-08 17:43:38,277 INFO     Temporally Encoded Spiking Neural Network for Visual Place Recognition v1.1.0
2023-11-08 17:43:38,277 INFO     Queensland University of Technology, Centre for Robotics
2023-11-08 17:43:38,278 INFO     
2023-11-08 17:43:38,279 INFO     © 2023 Adam D Hines, Peter G Stratton, Michael Milford, Tobias Fischer
2023-11-08 17:43:38,279 INFO     MIT license - https://github.com/QVPR/VPRTempo
2023-11-08 17:43:38,280 INFO     \\\\\\\\\\\\
2023-11-08 17:43:38,280 INFO     
2023-11-08 17:43:38,281 INFO     Quantization enabled
2023-11-08 17:43:38,281 INFO     Current device is: CPU
2023-11-08 17:43:38,282 INFO     
