2023-11-27 15:33:30,174 INFO     
2023-11-27 15:33:30,174 INFO     ██╗   ██╗██████╗ ██████╗ ████████╗███████╗███╗   ███╗██████╗  ██████╗
2023-11-27 15:33:30,174 INFO     ██║   ██║██╔══██╗██╔══██╗╚══██╔══╝██╔════╝████╗ ████║██╔══██╗██╔═══██╗
2023-11-27 15:33:30,174 INFO     ██║   ██║██████╔╝██████╔╝   ██║   █████╗  ██╔████╔██║██████╔╝██║   ██║
2023-11-27 15:33:30,174 INFO     ╚██╗ ██╔╝██╔═══╝ ██╔══██╗   ██║   ██╔══╝  ██║╚██╔╝██║██╔═══╝ ██║   ██║
2023-11-27 15:33:30,174 INFO      ╚████╔╝ ██║     ██║  ██║   ██║   ███████╗██║ ╚═╝ ██║██║     ╚██████╔╝
2023-11-27 15:33:30,174 INFO       ╚═══╝  ╚═╝     ╚═╝  ╚═╝   ╚═╝   ╚══════╝╚═╝     ╚═╝╚═╝      ╚═════╝ 
2023-11-27 15:33:30,174 INFO     -----------------------------------------------------------------------
2023-11-27 15:33:30,174 INFO     Temporally Encoded Spiking Neural Network for Visual Place Recognition v1.1.0
2023-11-27 15:33:30,174 INFO     Queensland University of Technology, Centre for Robotics
2023-11-27 15:33:30,174 INFO     
2023-11-27 15:33:30,175 INFO     © 2023 Adam D Hines, Peter G Stratton, Michael Milford, Tobias Fischer
2023-11-27 15:33:30,175 INFO     MIT license - https://github.com/QVPR/VPRTempo
2023-11-27 15:33:30,175 INFO     \\\\\\\\\\\\
2023-11-27 15:33:30,175 INFO     
2023-11-27 15:33:30,185 INFO     CUDA available: True
2023-11-27 15:33:30,195 INFO     Current device is: NVIDIA GeForce RTX 2080
2023-11-27 15:33:30,195 INFO     
2023-11-27 15:33:33,720 INFO     +--------+------+------+------+------+------+------+
|   N    |  1   |  5   |  10  |  15  |  20  |  25  |
+--------+------+------+------+------+------+------+
| Recall | 0.95 | 0.98 | 0.99 | 0.99 | 0.99 | 0.99 |
+--------+------+------+------+------+------+------+
