2023-11-30 11:17:57,415 INFO     
2023-11-30 11:17:57,416 INFO     ██╗   ██╗██████╗ ██████╗ ████████╗███████╗███╗   ███╗██████╗  ██████╗
2023-11-30 11:17:57,416 INFO     ██║   ██║██╔══██╗██╔══██╗╚══██╔══╝██╔════╝████╗ ████║██╔══██╗██╔═══██╗
2023-11-30 11:17:57,416 INFO     ██║   ██║██████╔╝██████╔╝   ██║   █████╗  ██╔████╔██║██████╔╝██║   ██║
2023-11-30 11:17:57,416 INFO     ╚██╗ ██╔╝██╔═══╝ ██╔══██╗   ██║   ██╔══╝  ██║╚██╔╝██║██╔═══╝ ██║   ██║
2023-11-30 11:17:57,416 INFO      ╚████╔╝ ██║     ██║  ██║   ██║   ███████╗██║ ╚═╝ ██║██║     ╚██████╔╝
2023-11-30 11:17:57,416 INFO       ╚═══╝  ╚═╝     ╚═╝  ╚═╝   ╚═╝   ╚══════╝╚═╝     ╚═╝╚═╝      ╚═════╝ 
2023-11-30 11:17:57,416 INFO     -----------------------------------------------------------------------
2023-11-30 11:17:57,416 INFO     Temporally Encoded Spiking Neural Network for Visual Place Recognition v1.1.0
2023-11-30 11:17:57,416 INFO     Queensland University of Technology, Centre for Robotics
2023-11-30 11:17:57,416 INFO     
2023-11-30 11:17:57,416 INFO     © 2023 Adam D Hines, Peter G Stratton, Michael Milford, Tobias Fischer
2023-11-30 11:17:57,416 INFO     MIT license - https://github.com/QVPR/VPRTempo
2023-11-30 11:17:57,416 INFO     \\\\\\\\\\\\
2023-11-30 11:17:57,416 INFO     
2023-11-30 11:17:57,416 INFO     CUDA available: False
2023-11-30 11:17:57,416 INFO     Current device is: CPU
2023-11-30 11:17:57,417 INFO     
2023-11-30 11:17:58,372 INFO     
2023-11-30 11:17:58,372 INFO     ██╗   ██╗██████╗ ██████╗ ████████╗███████╗███╗   ███╗██████╗  ██████╗
2023-11-30 11:17:58,372 INFO     ██║   ██║██╔══██╗██╔══██╗╚══██╔══╝██╔════╝████╗ ████║██╔══██╗██╔═══██╗
2023-11-30 11:17:58,372 INFO     ██║   ██║██████╔╝██████╔╝   ██║   █████╗  ██╔████╔██║██████╔╝██║   ██║
2023-11-30 11:17:58,372 INFO     ╚██╗ ██╔╝██╔═══╝ ██╔══██╗   ██║   ██╔══╝  ██║╚██╔╝██║██╔═══╝ ██║   ██║
2023-11-30 11:17:58,372 INFO      ╚████╔╝ ██║     ██║  ██║   ██║   ███████╗██║ ╚═╝ ██║██║     ╚██████╔╝
2023-11-30 11:17:58,372 INFO       ╚═══╝  ╚═╝     ╚═╝  ╚═╝   ╚═╝   ╚══════╝╚═╝     ╚═╝╚═╝      ╚═════╝ 
2023-11-30 11:17:58,372 INFO     -----------------------------------------------------------------------
2023-11-30 11:17:58,372 INFO     Temporally Encoded Spiking Neural Network for Visual Place Recognition v1.1.0
2023-11-30 11:17:58,372 INFO     Queensland University of Technology, Centre for Robotics
2023-11-30 11:17:58,372 INFO     
2023-11-30 11:17:58,372 INFO     © 2023 Adam D Hines, Peter G Stratton, Michael Milford, Tobias Fischer
2023-11-30 11:17:58,372 INFO     MIT license - https://github.com/QVPR/VPRTempo
2023-11-30 11:17:58,373 INFO     \\\\\\\\\\\\
2023-11-30 11:17:58,373 INFO     
2023-11-30 11:17:58,373 INFO     CUDA available: False
2023-11-30 11:17:58,373 INFO     Current device is: CPU
2023-11-30 11:17:58,373 INFO     
