2023-11-03 14:58:17,164 INFO     
2023-11-03 14:58:17,165 INFO     ██╗   ██╗██████╗ ██████╗ ████████╗███████╗███╗   ███╗██████╗  ██████╗
2023-11-03 14:58:17,165 INFO     ██║   ██║██╔══██╗██╔══██╗╚══██╔══╝██╔════╝████╗ ████║██╔══██╗██╔═══██╗
2023-11-03 14:58:17,165 INFO     ██║   ██║██████╔╝██████╔╝   ██║   █████╗  ██╔████╔██║██████╔╝██║   ██║
2023-11-03 14:58:17,165 INFO     ╚██╗ ██╔╝██╔═══╝ ██╔══██╗   ██║   ██╔══╝  ██║╚██╔╝██║██╔═══╝ ██║   ██║
2023-11-03 14:58:17,165 INFO      ╚████╔╝ ██║     ██║  ██║   ██║   ███████╗██║ ╚═╝ ██║██║     ╚██████╔╝
2023-11-03 14:58:17,165 INFO       ╚═══╝  ╚═╝     ╚═╝  ╚═╝   ╚═╝   ╚══════╝╚═╝     ╚═╝╚═╝      ╚═════╝ 
2023-11-03 14:58:17,166 INFO     -----------------------------------------------------------------------
2023-11-03 14:58:17,166 INFO     Temporally Encoded Spiking Neural Network for Visual Place Recognition v1.1.0
2023-11-03 14:58:17,166 INFO     Queensland University of Technology, Centre for Robotics
2023-11-03 14:58:17,166 INFO     
2023-11-03 14:58:17,166 INFO     © 2023 Adam D Hines, Peter G Stratton, Michael Milford, Tobias Fischer
2023-11-03 14:58:17,166 INFO     MIT license - https://github.com/QVPR/VPRTempo
2023-11-03 14:58:17,167 INFO     \\\\\\\\\\\\
2023-11-03 14:58:17,167 INFO     
2023-11-03 14:58:17,180 INFO     CUDA available: True
2023-11-03 14:58:17,189 INFO     Current device is: NVIDIA GeForce RTX 2080
2023-11-03 14:58:17,189 INFO     
2023-11-03 15:02:42,452 INFO     
2023-11-03 15:02:42,452 INFO     ██╗   ██╗██████╗ ██████╗ ████████╗███████╗███╗   ███╗██████╗  ██████╗
2023-11-03 15:02:42,452 INFO     ██║   ██║██╔══██╗██╔══██╗╚══██╔══╝██╔════╝████╗ ████║██╔══██╗██╔═══██╗
2023-11-03 15:02:42,452 INFO     ██║   ██║██████╔╝██████╔╝   ██║   █████╗  ██╔████╔██║██████╔╝██║   ██║
2023-11-03 15:02:42,452 INFO     ╚██╗ ██╔╝██╔═══╝ ██╔══██╗   ██║   ██╔══╝  ██║╚██╔╝██║██╔═══╝ ██║   ██║
2023-11-03 15:02:42,452 INFO      ╚████╔╝ ██║     ██║  ██║   ██║   ███████╗██║ ╚═╝ ██║██║     ╚██████╔╝
2023-11-03 15:02:42,452 INFO       ╚═══╝  ╚═╝     ╚═╝  ╚═╝   ╚═╝   ╚══════╝╚═╝     ╚═╝╚═╝      ╚═════╝ 
2023-11-03 15:02:42,452 INFO     -----------------------------------------------------------------------
2023-11-03 15:02:42,452 INFO     Temporally Encoded Spiking Neural Network for Visual Place Recognition v1.1.0
2023-11-03 15:02:42,452 INFO     Queensland University of Technology, Centre for Robotics
2023-11-03 15:02:42,452 INFO     
2023-11-03 15:02:42,452 INFO     © 2023 Adam D Hines, Peter G Stratton, Michael Milford, Tobias Fischer
2023-11-03 15:02:42,452 INFO     MIT license - https://github.com/QVPR/VPRTempo
2023-11-03 15:02:42,452 INFO     \\\\\\\\\\\\
2023-11-03 15:02:42,452 INFO     
2023-11-03 15:02:42,452 INFO     CUDA available: True
2023-11-03 15:02:42,453 INFO     Current device is: NVIDIA GeForce RTX 2080
2023-11-03 15:02:42,453 INFO     
2023-11-03 15:02:44,349 INFO     P@100R: 90.6%
