2023-11-06 13:01:50,185 INFO     
2023-11-06 13:01:50,185 INFO     ██╗   ██╗██████╗ ██████╗ ████████╗███████╗███╗   ███╗██████╗  ██████╗
2023-11-06 13:01:50,186 INFO     ██║   ██║██╔══██╗██╔══██╗╚══██╔══╝██╔════╝████╗ ████║██╔══██╗██╔═══██╗
2023-11-06 13:01:50,186 INFO     ██║   ██║██████╔╝██████╔╝   ██║   █████╗  ██╔████╔██║██████╔╝██║   ██║
2023-11-06 13:01:50,186 INFO     ╚██╗ ██╔╝██╔═══╝ ██╔══██╗   ██║   ██╔══╝  ██║╚██╔╝██║██╔═══╝ ██║   ██║
2023-11-06 13:01:50,186 INFO      ╚████╔╝ ██║     ██║  ██║   ██║   ███████╗██║ ╚═╝ ██║██║     ╚██████╔╝
2023-11-06 13:01:50,186 INFO       ╚═══╝  ╚═╝     ╚═╝  ╚═╝   ╚═╝   ╚══════╝╚═╝     ╚═╝╚═╝      ╚═════╝ 
2023-11-06 13:01:50,186 INFO     -----------------------------------------------------------------------
2023-11-06 13:01:50,186 INFO     Temporally Encoded Spiking Neural Network for Visual Place Recognition v1.1.0
2023-11-06 13:01:50,186 INFO     Queensland University of Technology, Centre for Robotics
2023-11-06 13:01:50,186 INFO     
2023-11-06 13:01:50,186 INFO     © 2023 Adam D Hines, Peter G Stratton, Michael Milford, Tobias Fischer
2023-11-06 13:01:50,186 INFO     MIT license - https://github.com/QVPR/VPRTempo
2023-11-06 13:01:50,186 INFO     \\\\\\\\\\\\
2023-11-06 13:01:50,186 INFO     
2023-11-06 13:01:50,186 INFO     CUDA available: True
2023-11-06 13:01:50,186 INFO     Current device is: NVIDIA GeForce RTX 2080
2023-11-06 13:01:50,186 INFO     
2023-11-06 13:01:54,622 INFO     +--------+------+------+------+------+------+------+
|   N    |  1   |  5   |  10  |  15  |  20  |  25  |
+--------+------+------+------+------+------+------+
| Recall | 0.69 | 0.82 | 0.86 | 0.88 | 0.89 | 0.89 |
+--------+------+------+------+------+------+------+
