2023-11-06 09:15:55,319 INFO     
2023-11-06 09:15:55,320 INFO     ██╗   ██╗██████╗ ██████╗ ████████╗███████╗███╗   ███╗██████╗  ██████╗
2023-11-06 09:15:55,320 INFO     ██║   ██║██╔══██╗██╔══██╗╚══██╔══╝██╔════╝████╗ ████║██╔══██╗██╔═══██╗
2023-11-06 09:15:55,320 INFO     ██║   ██║██████╔╝██████╔╝   ██║   █████╗  ██╔████╔██║██████╔╝██║   ██║
2023-11-06 09:15:55,320 INFO     ╚██╗ ██╔╝██╔═══╝ ██╔══██╗   ██║   ██╔══╝  ██║╚██╔╝██║██╔═══╝ ██║   ██║
2023-11-06 09:15:55,320 INFO      ╚████╔╝ ██║     ██║  ██║   ██║   ███████╗██║ ╚═╝ ██║██║     ╚██████╔╝
2023-11-06 09:15:55,320 INFO       ╚═══╝  ╚═╝     ╚═╝  ╚═╝   ╚═╝   ╚══════╝╚═╝     ╚═╝╚═╝      ╚═════╝ 
2023-11-06 09:15:55,320 INFO     -----------------------------------------------------------------------
2023-11-06 09:15:55,320 INFO     Temporally Encoded Spiking Neural Network for Visual Place Recognition v1.1.0
2023-11-06 09:15:55,320 INFO     Queensland University of Technology, Centre for Robotics
2023-11-06 09:15:55,320 INFO     
2023-11-06 09:15:55,321 INFO     © 2023 Adam D Hines, Peter G Stratton, Michael Milford, Tobias Fischer
2023-11-06 09:15:55,321 INFO     MIT license - https://github.com/QVPR/VPRTempo
2023-11-06 09:15:55,321 INFO     \\\\\\\\\\\\
2023-11-06 09:15:55,321 INFO     
2023-11-06 09:15:55,321 INFO     Quantization enabled
2023-11-06 09:15:55,321 INFO     Current device is: CPU
2023-11-06 09:15:55,334 INFO     CUDA available: True
2023-11-06 09:15:55,343 INFO     Current device is: NVIDIA GeForce RTX 2080
2023-11-06 09:15:55,343 INFO     
