2023-10-17 22:37:15,031 INFO     
2023-10-17 22:37:15,031 INFO     ██╗   ██╗██████╗ ██████╗ ████████╗███████╗███╗   ███╗██████╗  ██████╗
2023-10-17 22:37:15,031 INFO     ██║   ██║██╔══██╗██╔══██╗╚══██╔══╝██╔════╝████╗ ████║██╔══██╗██╔═══██╗
2023-10-17 22:37:15,032 INFO     ██║   ██║██████╔╝██████╔╝   ██║   █████╗  ██╔████╔██║██████╔╝██║   ██║
2023-10-17 22:37:15,032 INFO     ╚██╗ ██╔╝██╔═══╝ ██╔══██╗   ██║   ██╔══╝  ██║╚██╔╝██║██╔═══╝ ██║   ██║
2023-10-17 22:37:15,032 INFO      ╚████╔╝ ██║     ██║  ██║   ██║   ███████╗██║ ╚═╝ ██║██║     ╚██████╔╝
2023-10-17 22:37:15,033 INFO       ╚═══╝  ╚═╝     ╚═╝  ╚═╝   ╚═╝   ╚══════╝╚═╝     ╚═╝╚═╝      ╚═════╝ 
2023-10-17 22:37:15,033 INFO     -----------------------------------------------------------------------
2023-10-17 22:37:15,033 INFO     Temporally Encoded Spiking Neural Network for Visual Place Recognition v1.1.0
2023-10-17 22:37:15,033 INFO     Queensland University of Technology, Centre for Robotics
2023-10-17 22:37:15,034 INFO     
2023-10-17 22:37:15,034 INFO     © 2023 Adam D Hines, Peter G Stratton, Michael Milford, Tobias Fischer
2023-10-17 22:37:15,035 INFO     MIT license - https://github.com/QVPR/VPRTempo
2023-10-17 22:37:15,035 INFO     \\\\\\\\\\\\
2023-10-17 22:37:15,035 INFO     
2023-10-17 22:37:15,035 INFO     CUDA available: False
2023-10-17 22:37:15,036 INFO     Current device is: CPU
2023-10-17 22:37:15,036 INFO     
2023-10-17 22:40:16,823 INFO     P@100R: 94.0%
2023-10-17 22:48:16,129 INFO     
2023-10-17 22:48:16,130 INFO     ██╗   ██╗██████╗ ██████╗ ████████╗███████╗███╗   ███╗██████╗  ██████╗
2023-10-17 22:48:16,130 INFO     ██║   ██║██╔══██╗██╔══██╗╚══██╔══╝██╔════╝████╗ ████║██╔══██╗██╔═══██╗
2023-10-17 22:48:16,130 INFO     ██║   ██║██████╔╝██████╔╝   ██║   █████╗  ██╔████╔██║██████╔╝██║   ██║
2023-10-17 22:48:16,130 INFO     ╚██╗ ██╔╝██╔═══╝ ██╔══██╗   ██║   ██╔══╝  ██║╚██╔╝██║██╔═══╝ ██║   ██║
2023-10-17 22:48:16,131 INFO      ╚████╔╝ ██║     ██║  ██║   ██║   ███████╗██║ ╚═╝ ██║██║     ╚██████╔╝
2023-10-17 22:48:16,131 INFO       ╚═══╝  ╚═╝     ╚═╝  ╚═╝   ╚═╝   ╚══════╝╚═╝     ╚═╝╚═╝      ╚═════╝ 
2023-10-17 22:48:16,131 INFO     -----------------------------------------------------------------------
2023-10-17 22:48:16,132 INFO     Temporally Encoded Spiking Neural Network for Visual Place Recognition v1.1.0
2023-10-17 22:48:16,132 INFO     Queensland University of Technology, Centre for Robotics
2023-10-17 22:48:16,132 INFO     
2023-10-17 22:48:16,132 INFO     © 2023 Adam D Hines, Peter G Stratton, Michael Milford, Tobias Fischer
2023-10-17 22:48:16,133 INFO     MIT license - https://github.com/QVPR/VPRTempo
2023-10-17 22:48:16,133 INFO     \\\\\\\\\\\\
2023-10-17 22:48:16,133 INFO     
2023-10-17 22:48:16,134 INFO     CUDA available: False
2023-10-17 22:48:16,134 INFO     Current device is: CPU
2023-10-17 22:48:16,134 INFO     
2023-10-17 22:49:19,784 INFO     P@100R: 99.0%
2023-10-17 22:50:02,361 INFO     
2023-10-17 22:50:02,362 INFO     ██╗   ██╗██████╗ ██████╗ ████████╗███████╗███╗   ███╗██████╗  ██████╗
2023-10-17 22:50:02,362 INFO     ██║   ██║██╔══██╗██╔══██╗╚══██╔══╝██╔════╝████╗ ████║██╔══██╗██╔═══██╗
2023-10-17 22:50:02,362 INFO     ██║   ██║██████╔╝██████╔╝   ██║   █████╗  ██╔████╔██║██████╔╝██║   ██║
2023-10-17 22:50:02,362 INFO     ╚██╗ ██╔╝██╔═══╝ ██╔══██╗   ██║   ██╔══╝  ██║╚██╔╝██║██╔═══╝ ██║   ██║
2023-10-17 22:50:02,363 INFO      ╚████╔╝ ██║     ██║  ██║   ██║   ███████╗██║ ╚═╝ ██║██║     ╚██████╔╝
2023-10-17 22:50:02,363 INFO       ╚═══╝  ╚═╝     ╚═╝  ╚═╝   ╚═╝   ╚══════╝╚═╝     ╚═╝╚═╝      ╚═════╝ 
2023-10-17 22:50:02,363 INFO     -----------------------------------------------------------------------
2023-10-17 22:50:02,363 INFO     Temporally Encoded Spiking Neural Network for Visual Place Recognition v1.1.0
2023-10-17 22:50:02,364 INFO     Queensland University of Technology, Centre for Robotics
2023-10-17 22:50:02,364 INFO     
2023-10-17 22:50:02,364 INFO     © 2023 Adam D Hines, Peter G Stratton, Michael Milford, Tobias Fischer
2023-10-17 22:50:02,364 INFO     MIT license - https://github.com/QVPR/VPRTempo
2023-10-17 22:50:02,365 INFO     \\\\\\\\\\\\
2023-10-17 22:50:02,365 INFO     
2023-10-17 22:50:02,365 INFO     CUDA available: False
2023-10-17 22:50:02,365 INFO     Current device is: CPU
2023-10-17 22:50:02,366 INFO     
2023-10-17 22:50:55,226 INFO     P@100R: 100.0%
2023-10-17 22:51:35,919 INFO     
2023-10-17 22:51:35,920 INFO     ██╗   ██╗██████╗ ██████╗ ████████╗███████╗███╗   ███╗██████╗  ██████╗
2023-10-17 22:51:35,920 INFO     ██║   ██║██╔══██╗██╔══██╗╚══██╔══╝██╔════╝████╗ ████║██╔══██╗██╔═══██╗
2023-10-17 22:51:35,920 INFO     ██║   ██║██████╔╝██████╔╝   ██║   █████╗  ██╔████╔██║██████╔╝██║   ██║
2023-10-17 22:51:35,921 INFO     ╚██╗ ██╔╝██╔═══╝ ██╔══██╗   ██║   ██╔══╝  ██║╚██╔╝██║██╔═══╝ ██║   ██║
2023-10-17 22:51:35,921 INFO      ╚████╔╝ ██║     ██║  ██║   ██║   ███████╗██║ ╚═╝ ██║██║     ╚██████╔╝
2023-10-17 22:51:35,921 INFO       ╚═══╝  ╚═╝     ╚═╝  ╚═╝   ╚═╝   ╚══════╝╚═╝     ╚═╝╚═╝      ╚═════╝ 
2023-10-17 22:51:35,922 INFO     -----------------------------------------------------------------------
2023-10-17 22:51:35,922 INFO     Temporally Encoded Spiking Neural Network for Visual Place Recognition v1.1.0
2023-10-17 22:51:35,922 INFO     Queensland University of Technology, Centre for Robotics
2023-10-17 22:51:35,922 INFO     
2023-10-17 22:51:35,922 INFO     © 2023 Adam D Hines, Peter G Stratton, Michael Milford, Tobias Fischer
2023-10-17 22:51:35,923 INFO     MIT license - https://github.com/QVPR/VPRTempo
2023-10-17 22:51:35,923 INFO     \\\\\\\\\\\\
2023-10-17 22:51:35,923 INFO     
2023-10-17 22:51:35,924 INFO     CUDA available: False
2023-10-17 22:51:35,924 INFO     Current device is: CPU
2023-10-17 22:51:35,924 INFO     
2023-10-17 22:51:40,235 INFO     P@100R: 72.0%
2023-10-17 22:51:53,010 INFO     
2023-10-17 22:51:53,010 INFO     ██╗   ██╗██████╗ ██████╗ ████████╗███████╗███╗   ███╗██████╗  ██████╗
2023-10-17 22:51:53,011 INFO     ██║   ██║██╔══██╗██╔══██╗╚══██╔══╝██╔════╝████╗ ████║██╔══██╗██╔═══██╗
2023-10-17 22:51:53,011 INFO     ██║   ██║██████╔╝██████╔╝   ██║   █████╗  ██╔████╔██║██████╔╝██║   ██║
2023-10-17 22:51:53,011 INFO     ╚██╗ ██╔╝██╔═══╝ ██╔══██╗   ██║   ██╔══╝  ██║╚██╔╝██║██╔═══╝ ██║   ██║
2023-10-17 22:51:53,011 INFO      ╚████╔╝ ██║     ██║  ██║   ██║   ███████╗██║ ╚═╝ ██║██║     ╚██████╔╝
2023-10-17 22:51:53,012 INFO       ╚═══╝  ╚═╝     ╚═╝  ╚═╝   ╚═╝   ╚══════╝╚═╝     ╚═╝╚═╝      ╚═════╝ 
2023-10-17 22:51:53,012 INFO     -----------------------------------------------------------------------
2023-10-17 22:51:53,012 INFO     Temporally Encoded Spiking Neural Network for Visual Place Recognition v1.1.0
2023-10-17 22:51:53,012 INFO     Queensland University of Technology, Centre for Robotics
2023-10-17 22:51:53,013 INFO     
2023-10-17 22:51:53,013 INFO     © 2023 Adam D Hines, Peter G Stratton, Michael Milford, Tobias Fischer
2023-10-17 22:51:53,013 INFO     MIT license - https://github.com/QVPR/VPRTempo
2023-10-17 22:51:53,014 INFO     \\\\\\\\\\\\
2023-10-17 22:51:53,014 INFO     
2023-10-17 22:51:53,015 INFO     CUDA available: False
2023-10-17 22:51:53,015 INFO     Current device is: CPU
2023-10-17 22:51:53,015 INFO     
2023-10-17 22:51:57,743 INFO     P@100R: 54.8%
2023-10-17 22:52:50,803 INFO     
2023-10-17 22:52:50,803 INFO     ██╗   ██╗██████╗ ██████╗ ████████╗███████╗███╗   ███╗██████╗  ██████╗
2023-10-17 22:52:50,803 INFO     ██║   ██║██╔══██╗██╔══██╗╚══██╔══╝██╔════╝████╗ ████║██╔══██╗██╔═══██╗
2023-10-17 22:52:50,804 INFO     ██║   ██║██████╔╝██████╔╝   ██║   █████╗  ██╔████╔██║██████╔╝██║   ██║
2023-10-17 22:52:50,804 INFO     ╚██╗ ██╔╝██╔═══╝ ██╔══██╗   ██║   ██╔══╝  ██║╚██╔╝██║██╔═══╝ ██║   ██║
2023-10-17 22:52:50,804 INFO      ╚████╔╝ ██║     ██║  ██║   ██║   ███████╗██║ ╚═╝ ██║██║     ╚██████╔╝
2023-10-17 22:52:50,805 INFO       ╚═══╝  ╚═╝     ╚═╝  ╚═╝   ╚═╝   ╚══════╝╚═╝     ╚═╝╚═╝      ╚═════╝ 
2023-10-17 22:52:50,805 INFO     -----------------------------------------------------------------------
2023-10-17 22:52:50,805 INFO     Temporally Encoded Spiking Neural Network for Visual Place Recognition v1.1.0
2023-10-17 22:52:50,805 INFO     Queensland University of Technology, Centre for Robotics
2023-10-17 22:52:50,805 INFO     
2023-10-17 22:52:50,806 INFO     © 2023 Adam D Hines, Peter G Stratton, Michael Milford, Tobias Fischer
2023-10-17 22:52:50,806 INFO     MIT license - https://github.com/QVPR/VPRTempo
2023-10-17 22:52:50,806 INFO     \\\\\\\\\\\\
2023-10-17 22:52:50,807 INFO     
2023-10-17 22:52:50,807 INFO     CUDA available: False
2023-10-17 22:52:50,807 INFO     Current device is: CPU
2023-10-17 22:52:50,807 INFO     
2023-10-17 22:56:42,336 INFO     P@100R: 62.6%
2023-10-17 22:58:58,595 INFO     
2023-10-17 22:58:58,596 INFO     ██╗   ██╗██████╗ ██████╗ ████████╗███████╗███╗   ███╗██████╗  ██████╗
2023-10-17 22:58:58,596 INFO     ██║   ██║██╔══██╗██╔══██╗╚══██╔══╝██╔════╝████╗ ████║██╔══██╗██╔═══██╗
2023-10-17 22:58:58,596 INFO     ██║   ██║██████╔╝██████╔╝   ██║   █████╗  ██╔████╔██║██████╔╝██║   ██║
2023-10-17 22:58:58,597 INFO     ╚██╗ ██╔╝██╔═══╝ ██╔══██╗   ██║   ██╔══╝  ██║╚██╔╝██║██╔═══╝ ██║   ██║
2023-10-17 22:58:58,597 INFO      ╚████╔╝ ██║     ██║  ██║   ██║   ███████╗██║ ╚═╝ ██║██║     ╚██████╔╝
2023-10-17 22:58:58,597 INFO       ╚═══╝  ╚═╝     ╚═╝  ╚═╝   ╚═╝   ╚══════╝╚═╝     ╚═╝╚═╝      ╚═════╝ 
2023-10-17 22:58:58,597 INFO     -----------------------------------------------------------------------
2023-10-17 22:58:58,598 INFO     Temporally Encoded Spiking Neural Network for Visual Place Recognition v1.1.0
2023-10-17 22:58:58,598 INFO     Queensland University of Technology, Centre for Robotics
2023-10-17 22:58:58,598 INFO     
2023-10-17 22:58:58,599 INFO     © 2023 Adam D Hines, Peter G Stratton, Michael Milford, Tobias Fischer
2023-10-17 22:58:58,599 INFO     MIT license - https://github.com/QVPR/VPRTempo
2023-10-17 22:58:58,599 INFO     \\\\\\\\\\\\
2023-10-17 22:58:58,599 INFO     
2023-10-17 22:58:58,600 INFO     CUDA available: False
2023-10-17 22:58:58,600 INFO     Current device is: CPU
2023-10-17 22:58:58,600 INFO     
2023-10-17 23:02:53,601 INFO     P@100R: 94.8%
2023-10-17 23:03:19,157 INFO     
2023-10-17 23:03:19,158 INFO     ██╗   ██╗██████╗ ██████╗ ████████╗███████╗███╗   ███╗██████╗  ██████╗
2023-10-17 23:03:19,158 INFO     ██║   ██║██╔══██╗██╔══██╗╚══██╔══╝██╔════╝████╗ ████║██╔══██╗██╔═══██╗
2023-10-17 23:03:19,158 INFO     ██║   ██║██████╔╝██████╔╝   ██║   █████╗  ██╔████╔██║██████╔╝██║   ██║
2023-10-17 23:03:19,158 INFO     ╚██╗ ██╔╝██╔═══╝ ██╔══██╗   ██║   ██╔══╝  ██║╚██╔╝██║██╔═══╝ ██║   ██║
2023-10-17 23:03:19,159 INFO      ╚████╔╝ ██║     ██║  ██║   ██║   ███████╗██║ ╚═╝ ██║██║     ╚██████╔╝
2023-10-17 23:03:19,159 INFO       ╚═══╝  ╚═╝     ╚═╝  ╚═╝   ╚═╝   ╚══════╝╚═╝     ╚═╝╚═╝      ╚═════╝ 
2023-10-17 23:03:19,159 INFO     -----------------------------------------------------------------------
2023-10-17 23:03:19,159 INFO     Temporally Encoded Spiking Neural Network for Visual Place Recognition v1.1.0
2023-10-17 23:03:19,159 INFO     Queensland University of Technology, Centre for Robotics
2023-10-17 23:03:19,160 INFO     
2023-10-17 23:03:19,160 INFO     © 2023 Adam D Hines, Peter G Stratton, Michael Milford, Tobias Fischer
2023-10-17 23:03:19,160 INFO     MIT license - https://github.com/QVPR/VPRTempo
2023-10-17 23:03:19,160 INFO     \\\\\\\\\\\\
2023-10-17 23:03:19,161 INFO     
2023-10-17 23:03:19,161 INFO     CUDA available: False
2023-10-17 23:03:19,161 INFO     Current device is: CPU
2023-10-17 23:03:19,161 INFO     
2023-10-17 23:07:15,648 INFO     P@100R: 90.4%
2023-10-17 23:08:18,861 INFO     
2023-10-17 23:08:18,861 INFO     ██╗   ██╗██████╗ ██████╗ ████████╗███████╗███╗   ███╗██████╗  ██████╗
2023-10-17 23:08:18,862 INFO     ██║   ██║██╔══██╗██╔══██╗╚══██╔══╝██╔════╝████╗ ████║██╔══██╗██╔═══██╗
2023-10-17 23:08:18,862 INFO     ██║   ██║██████╔╝██████╔╝   ██║   █████╗  ██╔████╔██║██████╔╝██║   ██║
2023-10-17 23:08:18,862 INFO     ╚██╗ ██╔╝██╔═══╝ ██╔══██╗   ██║   ██╔══╝  ██║╚██╔╝██║██╔═══╝ ██║   ██║
2023-10-17 23:08:18,862 INFO      ╚████╔╝ ██║     ██║  ██║   ██║   ███████╗██║ ╚═╝ ██║██║     ╚██████╔╝
2023-10-17 23:08:18,863 INFO       ╚═══╝  ╚═╝     ╚═╝  ╚═╝   ╚═╝   ╚══════╝╚═╝     ╚═╝╚═╝      ╚═════╝ 
2023-10-17 23:08:18,863 INFO     -----------------------------------------------------------------------
2023-10-17 23:08:18,863 INFO     Temporally Encoded Spiking Neural Network for Visual Place Recognition v1.1.0
2023-10-17 23:08:18,863 INFO     Queensland University of Technology, Centre for Robotics
2023-10-17 23:08:18,863 INFO     
2023-10-17 23:08:18,864 INFO     © 2023 Adam D Hines, Peter G Stratton, Michael Milford, Tobias Fischer
2023-10-17 23:08:18,864 INFO     MIT license - https://github.com/QVPR/VPRTempo
2023-10-17 23:08:18,864 INFO     \\\\\\\\\\\\
2023-10-17 23:08:18,864 INFO     
2023-10-17 23:08:18,864 INFO     CUDA available: False
2023-10-17 23:08:18,865 INFO     Current device is: CPU
2023-10-17 23:08:18,865 INFO     
2023-10-17 23:12:08,207 INFO     P@100R: 84.8%
2023-10-17 23:13:51,110 INFO     
2023-10-17 23:13:51,111 INFO     ██╗   ██╗██████╗ ██████╗ ████████╗███████╗███╗   ███╗██████╗  ██████╗
2023-10-17 23:13:51,111 INFO     ██║   ██║██╔══██╗██╔══██╗╚══██╔══╝██╔════╝████╗ ████║██╔══██╗██╔═══██╗
2023-10-17 23:13:51,111 INFO     ██║   ██║██████╔╝██████╔╝   ██║   █████╗  ██╔████╔██║██████╔╝██║   ██║
2023-10-17 23:13:51,111 INFO     ╚██╗ ██╔╝██╔═══╝ ██╔══██╗   ██║   ██╔══╝  ██║╚██╔╝██║██╔═══╝ ██║   ██║
2023-10-17 23:13:51,111 INFO      ╚████╔╝ ██║     ██║  ██║   ██║   ███████╗██║ ╚═╝ ██║██║     ╚██████╔╝
2023-10-17 23:13:51,112 INFO       ╚═══╝  ╚═╝     ╚═╝  ╚═╝   ╚═╝   ╚══════╝╚═╝     ╚═╝╚═╝      ╚═════╝ 
2023-10-17 23:13:51,112 INFO     -----------------------------------------------------------------------
2023-10-17 23:13:51,112 INFO     Temporally Encoded Spiking Neural Network for Visual Place Recognition v1.1.0
2023-10-17 23:13:51,112 INFO     Queensland University of Technology, Centre for Robotics
2023-10-17 23:13:51,113 INFO     
2023-10-17 23:13:51,113 INFO     © 2023 Adam D Hines, Peter G Stratton, Michael Milford, Tobias Fischer
2023-10-17 23:13:51,113 INFO     MIT license - https://github.com/QVPR/VPRTempo
2023-10-17 23:13:51,113 INFO     \\\\\\\\\\\\
2023-10-17 23:13:51,114 INFO     
2023-10-17 23:13:51,114 INFO     CUDA available: False
2023-10-17 23:13:51,114 INFO     Current device is: CPU
2023-10-17 23:13:51,114 INFO     
2023-10-17 23:17:13,502 INFO     P@100R: 81.6%
2023-10-17 23:17:46,581 INFO     
2023-10-17 23:17:46,581 INFO     ██╗   ██╗██████╗ ██████╗ ████████╗███████╗███╗   ███╗██████╗  ██████╗
2023-10-17 23:17:46,581 INFO     ██║   ██║██╔══██╗██╔══██╗╚══██╔══╝██╔════╝████╗ ████║██╔══██╗██╔═══██╗
2023-10-17 23:17:46,582 INFO     ██║   ██║██████╔╝██████╔╝   ██║   █████╗  ██╔████╔██║██████╔╝██║   ██║
2023-10-17 23:17:46,582 INFO     ╚██╗ ██╔╝██╔═══╝ ██╔══██╗   ██║   ██╔══╝  ██║╚██╔╝██║██╔═══╝ ██║   ██║
2023-10-17 23:17:46,582 INFO      ╚████╔╝ ██║     ██║  ██║   ██║   ███████╗██║ ╚═╝ ██║██║     ╚██████╔╝
2023-10-17 23:17:46,582 INFO       ╚═══╝  ╚═╝     ╚═╝  ╚═╝   ╚═╝   ╚══════╝╚═╝     ╚═╝╚═╝      ╚═════╝ 
2023-10-17 23:17:46,583 INFO     -----------------------------------------------------------------------
2023-10-17 23:17:46,583 INFO     Temporally Encoded Spiking Neural Network for Visual Place Recognition v1.1.0
2023-10-17 23:17:46,583 INFO     Queensland University of Technology, Centre for Robotics
2023-10-17 23:17:46,583 INFO     
2023-10-17 23:17:46,583 INFO     © 2023 Adam D Hines, Peter G Stratton, Michael Milford, Tobias Fischer
2023-10-17 23:17:46,584 INFO     MIT license - https://github.com/QVPR/VPRTempo
2023-10-17 23:17:46,584 INFO     \\\\\\\\\\\\
2023-10-17 23:17:46,584 INFO     
2023-10-17 23:17:46,585 INFO     CUDA available: False
2023-10-17 23:17:46,585 INFO     Current device is: CPU
2023-10-17 23:17:46,585 INFO     
2023-10-17 23:21:37,938 INFO     P@100R: 95.4%
