2023-11-03 16:01:13,000 INFO     
2023-11-03 16:01:13,000 INFO     ██╗   ██╗██████╗ ██████╗ ████████╗███████╗███╗   ███╗██████╗  ██████╗
2023-11-03 16:01:13,000 INFO     ██║   ██║██╔══██╗██╔══██╗╚══██╔══╝██╔════╝████╗ ████║██╔══██╗██╔═══██╗
2023-11-03 16:01:13,000 INFO     ██║   ██║██████╔╝██████╔╝   ██║   █████╗  ██╔████╔██║██████╔╝██║   ██║
2023-11-03 16:01:13,000 INFO     ╚██╗ ██╔╝██╔═══╝ ██╔══██╗   ██║   ██╔══╝  ██║╚██╔╝██║██╔═══╝ ██║   ██║
2023-11-03 16:01:13,001 INFO      ╚████╔╝ ██║     ██║  ██║   ██║   ███████╗██║ ╚═╝ ██║██║     ╚██████╔╝
2023-11-03 16:01:13,001 INFO       ╚═══╝  ╚═╝     ╚═╝  ╚═╝   ╚═╝   ╚══════╝╚═╝     ╚═╝╚═╝      ╚═════╝ 
2023-11-03 16:01:13,001 INFO     -----------------------------------------------------------------------
2023-11-03 16:01:13,001 INFO     Temporally Encoded Spiking Neural Network for Visual Place Recognition v1.1.0
2023-11-03 16:01:13,001 INFO     Queensland University of Technology, Centre for Robotics
2023-11-03 16:01:13,001 INFO     
2023-11-03 16:01:13,001 INFO     © 2023 Adam D Hines, Peter G Stratton, Michael Milford, Tobias Fischer
2023-11-03 16:01:13,001 INFO     MIT license - https://github.com/QVPR/VPRTempo
2023-11-03 16:01:13,001 INFO     \\\\\\\\\\\\
2023-11-03 16:01:13,001 INFO     
2023-11-03 16:01:13,013 INFO     CUDA available: True
2023-11-03 16:01:13,023 INFO     Current device is: NVIDIA GeForce RTX 2080
2023-11-03 16:01:13,023 INFO     
2023-11-03 16:56:53,877 INFO     
2023-11-03 16:56:53,877 INFO     ██╗   ██╗██████╗ ██████╗ ████████╗███████╗███╗   ███╗██████╗  ██████╗
2023-11-03 16:56:53,877 INFO     ██║   ██║██╔══██╗██╔══██╗╚══██╔══╝██╔════╝████╗ ████║██╔══██╗██╔═══██╗
2023-11-03 16:56:53,877 INFO     ██║   ██║██████╔╝██████╔╝   ██║   █████╗  ██╔████╔██║██████╔╝██║   ██║
2023-11-03 16:56:53,877 INFO     ╚██╗ ██╔╝██╔═══╝ ██╔══██╗   ██║   ██╔══╝  ██║╚██╔╝██║██╔═══╝ ██║   ██║
2023-11-03 16:56:53,877 INFO      ╚████╔╝ ██║     ██║  ██║   ██║   ███████╗██║ ╚═╝ ██║██║     ╚██████╔╝
2023-11-03 16:56:53,877 INFO       ╚═══╝  ╚═╝     ╚═╝  ╚═╝   ╚═╝   ╚══════╝╚═╝     ╚═╝╚═╝      ╚═════╝ 
2023-11-03 16:56:53,877 INFO     -----------------------------------------------------------------------
2023-11-03 16:56:53,878 INFO     Temporally Encoded Spiking Neural Network for Visual Place Recognition v1.1.0
2023-11-03 16:56:53,878 INFO     Queensland University of Technology, Centre for Robotics
2023-11-03 16:56:53,878 INFO     
2023-11-03 16:56:53,878 INFO     © 2023 Adam D Hines, Peter G Stratton, Michael Milford, Tobias Fischer
2023-11-03 16:56:53,878 INFO     MIT license - https://github.com/QVPR/VPRTempo
2023-11-03 16:56:53,878 INFO     \\\\\\\\\\\\
2023-11-03 16:56:53,878 INFO     
2023-11-03 16:56:53,878 INFO     CUDA available: True
2023-11-03 16:56:53,878 INFO     Current device is: NVIDIA GeForce RTX 2080
2023-11-03 16:56:53,878 INFO     
2023-11-03 16:56:57,436 INFO     P@100R: 67.8%
