2023-11-30 10:02:48,378 INFO     
2023-11-30 10:02:48,378 INFO     ██╗   ██╗██████╗ ██████╗ ████████╗███████╗███╗   ███╗██████╗  ██████╗
2023-11-30 10:02:48,378 INFO     ██║   ██║██╔══██╗██╔══██╗╚══██╔══╝██╔════╝████╗ ████║██╔══██╗██╔═══██╗
2023-11-30 10:02:48,378 INFO     ██║   ██║██████╔╝██████╔╝   ██║   █████╗  ██╔████╔██║██████╔╝██║   ██║
2023-11-30 10:02:48,378 INFO     ╚██╗ ██╔╝██╔═══╝ ██╔══██╗   ██║   ██╔══╝  ██║╚██╔╝██║██╔═══╝ ██║   ██║
2023-11-30 10:02:48,378 INFO      ╚████╔╝ ██║     ██║  ██║   ██║   ███████╗██║ ╚═╝ ██║██║     ╚██████╔╝
2023-11-30 10:02:48,378 INFO       ╚═══╝  ╚═╝     ╚═╝  ╚═╝   ╚═╝   ╚══════╝╚═╝     ╚═╝╚═╝      ╚═════╝ 
2023-11-30 10:02:48,378 INFO     -----------------------------------------------------------------------
2023-11-30 10:02:48,378 INFO     Temporally Encoded Spiking Neural Network for Visual Place Recognition v1.1.0
2023-11-30 10:02:48,378 INFO     Queensland University of Technology, Centre for Robotics
2023-11-30 10:02:48,378 INFO     
2023-11-30 10:02:48,378 INFO     © 2023 Adam D Hines, Peter G Stratton, Michael Milford, Tobias Fischer
2023-11-30 10:02:48,378 INFO     MIT license - https://github.com/QVPR/VPRTempo
2023-11-30 10:02:48,378 INFO     \\\\\\\\\\\\
2023-11-30 10:02:48,378 INFO     
2023-11-30 10:02:48,378 INFO     CUDA available: False
2023-11-30 10:02:48,378 INFO     Current device is: CPU
2023-11-30 10:02:48,378 INFO     
2023-11-30 10:02:52,550 INFO     +--------+-----+-----+------+------+------+------+
|   N    |  1  |  5  |  10  |  15  |  20  |  25  |
+--------+-----+-----+------+------+------+------+
| Recall | 0.0 | 0.0 | 0.01 | 0.02 | 0.03 | 0.04 |
+--------+-----+-----+------+------+------+------+
