2023-11-30 11:37:28,917 INFO     
2023-11-30 11:37:28,917 INFO     ██╗   ██╗██████╗ ██████╗ ████████╗███████╗███╗   ███╗██████╗  ██████╗
2023-11-30 11:37:28,917 INFO     ██║   ██║██╔══██╗██╔══██╗╚══██╔══╝██╔════╝████╗ ████║██╔══██╗██╔═══██╗
2023-11-30 11:37:28,918 INFO     ██║   ██║██████╔╝██████╔╝   ██║   █████╗  ██╔████╔██║██████╔╝██║   ██║
2023-11-30 11:37:28,918 INFO     ╚██╗ ██╔╝██╔═══╝ ██╔══██╗   ██║   ██╔══╝  ██║╚██╔╝██║██╔═══╝ ██║   ██║
2023-11-30 11:37:28,918 INFO      ╚████╔╝ ██║     ██║  ██║   ██║   ███████╗██║ ╚═╝ ██║██║     ╚██████╔╝
2023-11-30 11:37:28,918 INFO       ╚═══╝  ╚═╝     ╚═╝  ╚═╝   ╚═╝   ╚══════╝╚═╝     ╚═╝╚═╝      ╚═════╝ 
2023-11-30 11:37:28,918 INFO     -----------------------------------------------------------------------
2023-11-30 11:37:28,918 INFO     Temporally Encoded Spiking Neural Network for Visual Place Recognition v1.1.0
2023-11-30 11:37:28,918 INFO     Queensland University of Technology, Centre for Robotics
2023-11-30 11:37:28,918 INFO     
2023-11-30 11:37:28,918 INFO     © 2023 Adam D Hines, Peter G Stratton, Michael Milford, Tobias Fischer
2023-11-30 11:37:28,918 INFO     MIT license - https://github.com/QVPR/VPRTempo
2023-11-30 11:37:28,918 INFO     \\\\\\\\\\\\
2023-11-30 11:37:28,918 INFO     
2023-11-30 11:37:28,918 INFO     CUDA available: False
2023-11-30 11:37:28,918 INFO     Current device is: CPU
2023-11-30 11:37:28,918 INFO     
2023-11-30 11:37:29,848 INFO     
2023-11-30 11:37:29,848 INFO     ██╗   ██╗██████╗ ██████╗ ████████╗███████╗███╗   ███╗██████╗  ██████╗
2023-11-30 11:37:29,849 INFO     ██║   ██║██╔══██╗██╔══██╗╚══██╔══╝██╔════╝████╗ ████║██╔══██╗██╔═══██╗
2023-11-30 11:37:29,849 INFO     ██║   ██║██████╔╝██████╔╝   ██║   █████╗  ██╔████╔██║██████╔╝██║   ██║
2023-11-30 11:37:29,849 INFO     ╚██╗ ██╔╝██╔═══╝ ██╔══██╗   ██║   ██╔══╝  ██║╚██╔╝██║██╔═══╝ ██║   ██║
2023-11-30 11:37:29,849 INFO      ╚████╔╝ ██║     ██║  ██║   ██║   ███████╗██║ ╚═╝ ██║██║     ╚██████╔╝
2023-11-30 11:37:29,849 INFO       ╚═══╝  ╚═╝     ╚═╝  ╚═╝   ╚═╝   ╚══════╝╚═╝     ╚═╝╚═╝      ╚═════╝ 
2023-11-30 11:37:29,849 INFO     -----------------------------------------------------------------------
2023-11-30 11:37:29,849 INFO     Temporally Encoded Spiking Neural Network for Visual Place Recognition v1.1.0
2023-11-30 11:37:29,849 INFO     Queensland University of Technology, Centre for Robotics
2023-11-30 11:37:29,849 INFO     
2023-11-30 11:37:29,849 INFO     © 2023 Adam D Hines, Peter G Stratton, Michael Milford, Tobias Fischer
2023-11-30 11:37:29,849 INFO     MIT license - https://github.com/QVPR/VPRTempo
2023-11-30 11:37:29,849 INFO     \\\\\\\\\\\\
2023-11-30 11:37:29,849 INFO     
2023-11-30 11:37:29,849 INFO     CUDA available: False
2023-11-30 11:37:29,849 INFO     Current device is: CPU
2023-11-30 11:37:29,849 INFO     
