2023-11-09 09:28:05,482 INFO     
2023-11-09 09:28:05,482 INFO     ██╗   ██╗██████╗ ██████╗ ████████╗███████╗███╗   ███╗██████╗  ██████╗
2023-11-09 09:28:05,483 INFO     ██║   ██║██╔══██╗██╔══██╗╚══██╔══╝██╔════╝████╗ ████║██╔══██╗██╔═══██╗
2023-11-09 09:28:05,484 INFO     ██║   ██║██████╔╝██████╔╝   ██║   █████╗  ██╔████╔██║██████╔╝██║   ██║
2023-11-09 09:28:05,484 INFO     ╚██╗ ██╔╝██╔═══╝ ██╔══██╗   ██║   ██╔══╝  ██║╚██╔╝██║██╔═══╝ ██║   ██║
2023-11-09 09:28:05,485 INFO      ╚████╔╝ ██║     ██║  ██║   ██║   ███████╗██║ ╚═╝ ██║██║     ╚██████╔╝
2023-11-09 09:28:05,485 INFO       ╚═══╝  ╚═╝     ╚═╝  ╚═╝   ╚═╝   ╚══════╝╚═╝     ╚═╝╚═╝      ╚═════╝ 
2023-11-09 09:28:05,486 INFO     -----------------------------------------------------------------------
2023-11-09 09:28:05,487 INFO     Temporally Encoded Spiking Neural Network for Visual Place Recognition v1.1.0
2023-11-09 09:28:05,487 INFO     Queensland University of Technology, Centre for Robotics
2023-11-09 09:28:05,488 INFO     
2023-11-09 09:28:05,489 INFO     © 2023 Adam D Hines, Peter G Stratton, Michael Milford, Tobias Fischer
2023-11-09 09:28:05,489 INFO     MIT license - https://github.com/QVPR/VPRTempo
2023-11-09 09:28:05,490 INFO     \\\\\\\\\\\\
2023-11-09 09:28:05,490 INFO     
2023-11-09 09:28:05,491 INFO     Quantization enabled
2023-11-09 09:28:05,491 INFO     Current device is: CPU
2023-11-09 09:28:05,492 INFO     
2023-11-09 09:29:10,797 INFO     
2023-11-09 09:29:10,797 INFO     ██╗   ██╗██████╗ ██████╗ ████████╗███████╗███╗   ███╗██████╗  ██████╗
2023-11-09 09:29:10,798 INFO     ██║   ██║██╔══██╗██╔══██╗╚══██╔══╝██╔════╝████╗ ████║██╔══██╗██╔═══██╗
2023-11-09 09:29:10,799 INFO     ██║   ██║██████╔╝██████╔╝   ██║   █████╗  ██╔████╔██║██████╔╝██║   ██║
2023-11-09 09:29:10,799 INFO     ╚██╗ ██╔╝██╔═══╝ ██╔══██╗   ██║   ██╔══╝  ██║╚██╔╝██║██╔═══╝ ██║   ██║
2023-11-09 09:29:10,800 INFO      ╚████╔╝ ██║     ██║  ██║   ██║   ███████╗██║ ╚═╝ ██║██║     ╚██████╔╝
2023-11-09 09:29:10,800 INFO       ╚═══╝  ╚═╝     ╚═╝  ╚═╝   ╚═╝   ╚══════╝╚═╝     ╚═╝╚═╝      ╚═════╝ 
2023-11-09 09:29:10,801 INFO     -----------------------------------------------------------------------
2023-11-09 09:29:10,802 INFO     Temporally Encoded Spiking Neural Network for Visual Place Recognition v1.1.0
2023-11-09 09:29:10,802 INFO     Queensland University of Technology, Centre for Robotics
2023-11-09 09:29:10,802 INFO     
2023-11-09 09:29:10,803 INFO     © 2023 Adam D Hines, Peter G Stratton, Michael Milford, Tobias Fischer
2023-11-09 09:29:10,803 INFO     MIT license - https://github.com/QVPR/VPRTempo
2023-11-09 09:29:10,804 INFO     \\\\\\\\\\\\
2023-11-09 09:29:10,804 INFO     
2023-11-09 09:29:10,805 INFO     Quantization enabled
2023-11-09 09:29:10,805 INFO     Current device is: CPU
2023-11-09 09:29:10,806 INFO     
2023-11-09 09:40:54,374 INFO     
2023-11-09 09:40:54,375 INFO     ██╗   ██╗██████╗ ██████╗ ████████╗███████╗███╗   ███╗██████╗  ██████╗
2023-11-09 09:40:54,375 INFO     ██║   ██║██╔══██╗██╔══██╗╚══██╔══╝██╔════╝████╗ ████║██╔══██╗██╔═══██╗
2023-11-09 09:40:54,376 INFO     ██║   ██║██████╔╝██████╔╝   ██║   █████╗  ██╔████╔██║██████╔╝██║   ██║
2023-11-09 09:40:54,376 INFO     ╚██╗ ██╔╝██╔═══╝ ██╔══██╗   ██║   ██╔══╝  ██║╚██╔╝██║██╔═══╝ ██║   ██║
2023-11-09 09:40:54,377 INFO      ╚████╔╝ ██║     ██║  ██║   ██║   ███████╗██║ ╚═╝ ██║██║     ╚██████╔╝
2023-11-09 09:40:54,377 INFO       ╚═══╝  ╚═╝     ╚═╝  ╚═╝   ╚═╝   ╚══════╝╚═╝     ╚═╝╚═╝      ╚═════╝ 
2023-11-09 09:40:54,378 INFO     -----------------------------------------------------------------------
2023-11-09 09:40:54,378 INFO     Temporally Encoded Spiking Neural Network for Visual Place Recognition v1.1.0
2023-11-09 09:40:54,379 INFO     Queensland University of Technology, Centre for Robotics
2023-11-09 09:40:54,379 INFO     
2023-11-09 09:40:54,379 INFO     © 2023 Adam D Hines, Peter G Stratton, Michael Milford, Tobias Fischer
2023-11-09 09:40:54,380 INFO     MIT license - https://github.com/QVPR/VPRTempo
2023-11-09 09:40:54,381 INFO     \\\\\\\\\\\\
2023-11-09 09:40:54,381 INFO     
2023-11-09 09:40:54,382 INFO     Quantization enabled
2023-11-09 09:40:54,382 INFO     Current device is: CPU
2023-11-09 09:40:54,383 INFO     
