2023-11-06 12:48:32,124 INFO     
2023-11-06 12:48:32,124 INFO     ██╗   ██╗██████╗ ██████╗ ████████╗███████╗███╗   ███╗██████╗  ██████╗
2023-11-06 12:48:32,124 INFO     ██║   ██║██╔══██╗██╔══██╗╚══██╔══╝██╔════╝████╗ ████║██╔══██╗██╔═══██╗
2023-11-06 12:48:32,124 INFO     ██║   ██║██████╔╝██████╔╝   ██║   █████╗  ██╔████╔██║██████╔╝██║   ██║
2023-11-06 12:48:32,124 INFO     ╚██╗ ██╔╝██╔═══╝ ██╔══██╗   ██║   ██╔══╝  ██║╚██╔╝██║██╔═══╝ ██║   ██║
2023-11-06 12:48:32,124 INFO      ╚████╔╝ ██║     ██║  ██║   ██║   ███████╗██║ ╚═╝ ██║██║     ╚██████╔╝
2023-11-06 12:48:32,124 INFO       ╚═══╝  ╚═╝     ╚═╝  ╚═╝   ╚═╝   ╚══════╝╚═╝     ╚═╝╚═╝      ╚═════╝ 
2023-11-06 12:48:32,124 INFO     -----------------------------------------------------------------------
2023-11-06 12:48:32,124 INFO     Temporally Encoded Spiking Neural Network for Visual Place Recognition v1.1.0
2023-11-06 12:48:32,124 INFO     Queensland University of Technology, Centre for Robotics
2023-11-06 12:48:32,124 INFO     
2023-11-06 12:48:32,124 INFO     © 2023 Adam D Hines, Peter G Stratton, Michael Milford, Tobias Fischer
2023-11-06 12:48:32,124 INFO     MIT license - https://github.com/QVPR/VPRTempo
2023-11-06 12:48:32,125 INFO     \\\\\\\\\\\\
2023-11-06 12:48:32,125 INFO     
2023-11-06 12:48:32,125 INFO     CUDA available: True
2023-11-06 12:48:32,125 INFO     Current device is: NVIDIA GeForce RTX 2080
2023-11-06 12:48:32,125 INFO     
2023-11-06 12:48:45,357 INFO     +--------+--------------------+--------------------+--------------------+--------------------+--------------------+--------------------+
|   N    |         1          |         5          |         10         |         15         |         20         |         25         |
+--------+--------------------+--------------------+--------------------+--------------------+--------------------+--------------------+
| Recall | 0.7866666666666666 | 0.8622222222222222 | 0.8888888888888888 | 0.9025925925925926 | 0.9092592592592592 | 0.9162962962962963 |
+--------+--------------------+--------------------+--------------------+--------------------+--------------------+--------------------+
