2023-11-30 10:52:59,440 INFO     
2023-11-30 10:52:59,440 INFO     ██╗   ██╗██████╗ ██████╗ ████████╗███████╗███╗   ███╗██████╗  ██████╗
2023-11-30 10:52:59,440 INFO     ██║   ██║██╔══██╗██╔══██╗╚══██╔══╝██╔════╝████╗ ████║██╔══██╗██╔═══██╗
2023-11-30 10:52:59,441 INFO     ██║   ██║██████╔╝██████╔╝   ██║   █████╗  ██╔████╔██║██████╔╝██║   ██║
2023-11-30 10:52:59,441 INFO     ╚██╗ ██╔╝██╔═══╝ ██╔══██╗   ██║   ██╔══╝  ██║╚██╔╝██║██╔═══╝ ██║   ██║
2023-11-30 10:52:59,441 INFO      ╚████╔╝ ██║     ██║  ██║   ██║   ███████╗██║ ╚═╝ ██║██║     ╚██████╔╝
2023-11-30 10:52:59,441 INFO       ╚═══╝  ╚═╝     ╚═╝  ╚═╝   ╚═╝   ╚══════╝╚═╝     ╚═╝╚═╝      ╚═════╝ 
2023-11-30 10:52:59,441 INFO     -----------------------------------------------------------------------
2023-11-30 10:52:59,441 INFO     Temporally Encoded Spiking Neural Network for Visual Place Recognition v1.1.0
2023-11-30 10:52:59,441 INFO     Queensland University of Technology, Centre for Robotics
2023-11-30 10:52:59,441 INFO     
2023-11-30 10:52:59,441 INFO     © 2023 Adam D Hines, Peter G Stratton, Michael Milford, Tobias Fischer
2023-11-30 10:52:59,441 INFO     MIT license - https://github.com/QVPR/VPRTempo
2023-11-30 10:52:59,441 INFO     \\\\\\\\\\\\
2023-11-30 10:52:59,441 INFO     
2023-11-30 10:52:59,441 INFO     CUDA available: False
2023-11-30 10:52:59,441 INFO     Current device is: CPU
2023-11-30 10:52:59,441 INFO     
2023-11-30 10:53:01,707 INFO     +--------+------+------+------+------+------+------+
|   N    |  1   |  5   |  10  |  15  |  20  |  25  |
+--------+------+------+------+------+------+------+
| Recall | 0.82 | 0.94 | 0.97 | 0.97 | 0.97 | 0.98 |
+--------+------+------+------+------+------+------+
