2023-11-27 16:44:06,286 INFO     
2023-11-27 16:44:06,287 INFO     ██╗   ██╗██████╗ ██████╗ ████████╗███████╗███╗   ███╗██████╗  ██████╗        ██████╗ ██╗   ██╗ █████╗ ███╗   ██╗████████╗
2023-11-27 16:44:06,287 INFO     ██║   ██║██╔══██╗██╔══██╗╚══██╔══╝██╔════╝████╗ ████║██╔══██╗██╔═══██╗      ██╔═══██╗██║   ██║██╔══██╗████╗  ██║╚══██╔══╝
2023-11-27 16:44:06,287 INFO     ██║   ██║██████╔╝██████╔╝   ██║   █████╗  ██╔████╔██║██████╔╝██║   ██║█████╗██║   ██║██║   ██║███████║██╔██╗ ██║   ██║
2023-11-27 16:44:06,287 INFO     ╚██╗ ██╔╝██╔═══╝ ██╔══██╗   ██║   ██╔══╝  ██║╚██╔╝██║██╔═══╝ ██║   ██║╚════╝██║▄▄ ██║██║   ██║██╔══██║██║╚██╗██║   ██║
2023-11-27 16:44:06,287 INFO      ╚████╔╝ ██║     ██║  ██║   ██║   ███████╗██║ ╚═╝ ██║██║     ╚██████╔╝      ╚██████╔╝╚██████╔╝██║  ██║██║ ╚████║   ██║
2023-11-27 16:44:06,287 INFO       ╚═══╝  ╚═╝     ╚═╝  ╚═╝   ╚═╝   ╚══════╝╚═╝     ╚═╝╚═╝      ╚═════╝        ╚══▀▀═╝  ╚═════╝ ╚═╝  ╚═╝╚═╝  ╚═══╝   ╚═╝
2023-11-27 16:44:06,287 INFO     -----------------------------------------------------------------------
2023-11-27 16:44:06,287 INFO     Temporally Encoded Spiking Neural Network for Visual Place Recognition v1.1.0
2023-11-27 16:44:06,287 INFO     Queensland University of Technology, Centre for Robotics
2023-11-27 16:44:06,287 INFO     
2023-11-27 16:44:06,287 INFO     © 2023 Adam D Hines, Peter G Stratton, Michael Milford, Tobias Fischer
2023-11-27 16:44:06,287 INFO     MIT license - https://github.com/QVPR/VPRTempo
2023-11-27 16:44:06,287 INFO     \\\\\\\\\\\\
2023-11-27 16:44:06,287 INFO     
2023-11-27 16:44:06,287 INFO     Quantization enabled
2023-11-27 16:44:06,287 INFO     Current device is: CPU
2023-11-27 16:44:06,287 INFO     
2023-11-27 16:44:14,268 INFO     +--------+-------+------+-------+-------+------+------+
|   N    |   1   |  5   |   10  |   15  |  20  |  25  |
+--------+-------+------+-------+-------+------+------+
| Recall | 0.954 | 0.98 | 0.988 | 0.988 | 0.99 | 0.99 |
+--------+-------+------+-------+-------+------+------+
